[0.396s] DEBUG:colcon:Command line arguments: ['/usr/bin/colcon', 'build', '--base-paths', '/home/ubuntu-ros2/robot_sim/src/cpp_a_follow_turtle_pkg']
[0.396s] DEBUG:colcon:Parsed command line arguments: Namespace(ament_cmake_args=None, base_paths=['/home/ubuntu-ros2/robot_sim/src/cpp_a_follow_turtle_pkg'], build_base='build', catkin_cmake_args=None, catkin_skip_building_tests=False, cmake_args=None, cmake_clean_cache=False, cmake_clean_first=False, cmake_force_configure=False, cmake_target=None, cmake_target_skip_unavailable=False, continue_on_error=False, event_handlers=None, executor='parallel', ignore_user_meta=False, install_base='install', log_base=None, log_level=None, main=<bound method BuildVerb.main of <colcon_core.verb.build.BuildVerb object at 0x7f3207631280>>, merge_install=False, metas=['./colcon.meta'], packages_above=None, packages_above_and_dependencies=None, packages_above_depth=None, packages_end=None, packages_ignore=None, packages_ignore_regex=None, packages_select=None, packages_select_build_failed=False, packages_select_by_dep=None, packages_select_regex=None, packages_select_test_failures=False, packages_skip=None, packages_skip_build_finished=False, packages_skip_by_dep=None, packages_skip_regex=None, packages_skip_test_passed=False, packages_skip_up_to=None, packages_start=None, packages_up_to=None, packages_up_to_regex=None, parallel_workers=8, paths=None, symlink_install=False, test_result_base=None, verb_extension=<colcon_core.verb.build.BuildVerb object at 0x7f3207631280>, verb_name='build', verb_parser=<colcon_defaults.argument_parser.defaults.DefaultArgumentsDecorator object at 0x7f32076317c0>)
[0.404s] Level 1:colcon.colcon_core.package_discovery:discover_packages(colcon_meta) check parameters
[0.404s] Level 1:colcon.colcon_core.package_discovery:discover_packages(recursive) check parameters
[0.404s] Level 1:colcon.colcon_core.package_discovery:discover_packages(ignore) check parameters
[0.404s] Level 1:colcon.colcon_core.package_discovery:discover_packages(path) check parameters
[0.404s] Level 1:colcon.colcon_core.package_discovery:discover_packages(recursive) discover
[0.405s] INFO:colcon.colcon_core.package_discovery:Crawling recursively for packages in '/home/ubuntu-ros2/robot_sim/src/cpp_a_follow_turtle_pkg'
[0.405s] Level 1:colcon.colcon_core.package_identification:_identify(/home/ubuntu-ros2/robot_sim/src/cpp_a_follow_turtle_pkg) by extensions ['ignore', 'ignore_ament_install']
[0.405s] Level 1:colcon.colcon_core.package_identification:_identify(/home/ubuntu-ros2/robot_sim/src/cpp_a_follow_turtle_pkg) by extension 'ignore'
[0.405s] Level 1:colcon.colcon_core.package_identification:_identify(/home/ubuntu-ros2/robot_sim/src/cpp_a_follow_turtle_pkg) by extension 'ignore_ament_install'
[0.405s] Level 1:colcon.colcon_core.package_identification:_identify(/home/ubuntu-ros2/robot_sim/src/cpp_a_follow_turtle_pkg) by extensions ['colcon_pkg']
[0.405s] Level 1:colcon.colcon_core.package_identification:_identify(/home/ubuntu-ros2/robot_sim/src/cpp_a_follow_turtle_pkg) by extension 'colcon_pkg'
[0.405s] Level 1:colcon.colcon_core.package_identification:_identify(/home/ubuntu-ros2/robot_sim/src/cpp_a_follow_turtle_pkg) by extensions ['colcon_meta']
[0.405s] Level 1:colcon.colcon_core.package_identification:_identify(/home/ubuntu-ros2/robot_sim/src/cpp_a_follow_turtle_pkg) by extension 'colcon_meta'
[0.405s] Level 1:colcon.colcon_core.package_identification:_identify(/home/ubuntu-ros2/robot_sim/src/cpp_a_follow_turtle_pkg) by extensions ['ros']
[0.405s] Level 1:colcon.colcon_core.package_identification:_identify(/home/ubuntu-ros2/robot_sim/src/cpp_a_follow_turtle_pkg) by extension 'ros'
[0.424s] DEBUG:colcon.colcon_core.package_identification:Package '/home/ubuntu-ros2/robot_sim/src/cpp_a_follow_turtle_pkg' with type 'ros.ament_cmake' and name 'cpp_a_follow_turtle_pkg'
[0.424s] Level 1:colcon.colcon_core.package_discovery:discover_packages(recursive) using defaults
[0.451s] Level 5:colcon.colcon_core.verb:set package 'cpp_a_follow_turtle_pkg' build argument 'cmake_args' from command line to 'None'
[0.451s] Level 5:colcon.colcon_core.verb:set package 'cpp_a_follow_turtle_pkg' build argument 'cmake_target' from command line to 'None'
[0.451s] Level 5:colcon.colcon_core.verb:set package 'cpp_a_follow_turtle_pkg' build argument 'cmake_target_skip_unavailable' from command line to 'False'
[0.451s] Level 5:colcon.colcon_core.verb:set package 'cpp_a_follow_turtle_pkg' build argument 'cmake_clean_cache' from command line to 'False'
[0.451s] Level 5:colcon.colcon_core.verb:set package 'cpp_a_follow_turtle_pkg' build argument 'cmake_clean_first' from command line to 'False'
[0.451s] Level 5:colcon.colcon_core.verb:set package 'cpp_a_follow_turtle_pkg' build argument 'cmake_force_configure' from command line to 'False'
[0.451s] Level 5:colcon.colcon_core.verb:set package 'cpp_a_follow_turtle_pkg' build argument 'ament_cmake_args' from command line to 'None'
[0.451s] Level 5:colcon.colcon_core.verb:set package 'cpp_a_follow_turtle_pkg' build argument 'catkin_cmake_args' from command line to 'None'
[0.451s] Level 5:colcon.colcon_core.verb:set package 'cpp_a_follow_turtle_pkg' build argument 'catkin_skip_building_tests' from command line to 'False'
[0.451s] DEBUG:colcon.colcon_core.verb:Building package 'cpp_a_follow_turtle_pkg' with the following arguments: {'ament_cmake_args': None, 'build_base': '/home/ubuntu-ros2/robot_sim/src/cpp_a_follow_turtle_pkg/build/cpp_a_follow_turtle_pkg', 'catkin_cmake_args': None, 'catkin_skip_building_tests': False, 'cmake_args': None, 'cmake_clean_cache': False, 'cmake_clean_first': False, 'cmake_force_configure': False, 'cmake_target': None, 'cmake_target_skip_unavailable': False, 'install_base': '/home/ubuntu-ros2/robot_sim/src/cpp_a_follow_turtle_pkg/install/cpp_a_follow_turtle_pkg', 'merge_install': False, 'path': '/home/ubuntu-ros2/robot_sim/src/cpp_a_follow_turtle_pkg', 'symlink_install': False, 'test_result_base': None}
[0.453s] INFO:colcon.colcon_core.executor:Executing jobs using 'parallel' executor
[0.455s] DEBUG:colcon.colcon_parallel_executor.executor.parallel:run_until_complete
[0.456s] INFO:colcon.colcon_ros.task.ament_cmake.build:Building ROS package in '/home/ubuntu-ros2/robot_sim/src/cpp_a_follow_turtle_pkg' with build type 'ament_cmake'
[0.456s] INFO:colcon.colcon_cmake.task.cmake.build:Building CMake package in '/home/ubuntu-ros2/robot_sim/src/cpp_a_follow_turtle_pkg'
[0.461s] INFO:colcon.colcon_core.plugin_system:Skipping extension 'colcon_core.shell.bat': Not used on non-Windows systems
[0.461s] INFO:colcon.colcon_core.shell:Skip shell extension 'powershell' for command environment: Not usable outside of PowerShell
[0.461s] DEBUG:colcon.colcon_core.shell:Skip shell extension 'dsv' for command environment
[0.464s] DEBUG:colcon.colcon_core.shell:Ignoring prefix path '/opt/ros/rolling'
[0.479s] DEBUG:colcon.colcon_core.event_handler.log_command:Invoking command in '/home/ubuntu-ros2/robot_sim/src/cpp_a_follow_turtle_pkg/build/cpp_a_follow_turtle_pkg': CMAKE_PREFIX_PATH=/opt/ros/rolling /usr/bin/cmake /home/ubuntu-ros2/robot_sim/src/cpp_a_follow_turtle_pkg -DCMAKE_INSTALL_PREFIX=/home/ubuntu-ros2/robot_sim/src/cpp_a_follow_turtle_pkg/install/cpp_a_follow_turtle_pkg
[3.199s] DEBUG:colcon.colcon_core.event_handler.log_command:Invoked command in '/home/ubuntu-ros2/robot_sim/src/cpp_a_follow_turtle_pkg/build/cpp_a_follow_turtle_pkg' returned '0': CMAKE_PREFIX_PATH=/opt/ros/rolling /usr/bin/cmake /home/ubuntu-ros2/robot_sim/src/cpp_a_follow_turtle_pkg -DCMAKE_INSTALL_PREFIX=/home/ubuntu-ros2/robot_sim/src/cpp_a_follow_turtle_pkg/install/cpp_a_follow_turtle_pkg
[3.204s] DEBUG:colcon.colcon_core.event_handler.log_command:Invoking command in '/home/ubuntu-ros2/robot_sim/src/cpp_a_follow_turtle_pkg/build/cpp_a_follow_turtle_pkg': CMAKE_PREFIX_PATH=/opt/ros/rolling /usr/bin/cmake --build /home/ubuntu-ros2/robot_sim/src/cpp_a_follow_turtle_pkg/build/cpp_a_follow_turtle_pkg -- -j8 -l8
[14.905s] DEBUG:colcon.colcon_core.event_handler.log_command:Invoked command in '/home/ubuntu-ros2/robot_sim/src/cpp_a_follow_turtle_pkg/build/cpp_a_follow_turtle_pkg' returned '0': CMAKE_PREFIX_PATH=/opt/ros/rolling /usr/bin/cmake --build /home/ubuntu-ros2/robot_sim/src/cpp_a_follow_turtle_pkg/build/cpp_a_follow_turtle_pkg -- -j8 -l8
[14.967s] DEBUG:colcon.colcon_core.event_handler.log_command:Invoking command in '/home/ubuntu-ros2/robot_sim/src/cpp_a_follow_turtle_pkg/build/cpp_a_follow_turtle_pkg': CMAKE_PREFIX_PATH=/opt/ros/rolling /usr/bin/cmake --install /home/ubuntu-ros2/robot_sim/src/cpp_a_follow_turtle_pkg/build/cpp_a_follow_turtle_pkg
[14.998s] Level 1:colcon.colcon_core.environment:create_environment_scripts_only(cpp_a_follow_turtle_pkg)
[15.001s] DEBUG:colcon.colcon_core.event_handler.log_command:Invoked command in '/home/ubuntu-ros2/robot_sim/src/cpp_a_follow_turtle_pkg/build/cpp_a_follow_turtle_pkg' returned '0': CMAKE_PREFIX_PATH=/opt/ros/rolling /usr/bin/cmake --install /home/ubuntu-ros2/robot_sim/src/cpp_a_follow_turtle_pkg/build/cpp_a_follow_turtle_pkg
[15.008s] Level 1:colcon.colcon_core.environment:checking '/home/ubuntu-ros2/robot_sim/src/cpp_a_follow_turtle_pkg/install/cpp_a_follow_turtle_pkg' for CMake module files
[15.010s] Level 1:colcon.colcon_core.environment:checking '/home/ubuntu-ros2/robot_sim/src/cpp_a_follow_turtle_pkg/install/cpp_a_follow_turtle_pkg' for CMake config files
[15.010s] Level 1:colcon.colcon_core.shell:create_environment_hook('cpp_a_follow_turtle_pkg', 'cmake_prefix_path')
[15.012s] INFO:colcon.colcon_core.shell:Creating environment hook '/home/ubuntu-ros2/robot_sim/src/cpp_a_follow_turtle_pkg/install/cpp_a_follow_turtle_pkg/share/cpp_a_follow_turtle_pkg/hook/cmake_prefix_path.ps1'
[15.014s] INFO:colcon.colcon_core.shell:Creating environment descriptor '/home/ubuntu-ros2/robot_sim/src/cpp_a_follow_turtle_pkg/install/cpp_a_follow_turtle_pkg/share/cpp_a_follow_turtle_pkg/hook/cmake_prefix_path.dsv'
[15.015s] INFO:colcon.colcon_core.shell:Creating environment hook '/home/ubuntu-ros2/robot_sim/src/cpp_a_follow_turtle_pkg/install/cpp_a_follow_turtle_pkg/share/cpp_a_follow_turtle_pkg/hook/cmake_prefix_path.sh'
[15.016s] Level 1:colcon.colcon_core.environment:checking '/home/ubuntu-ros2/robot_sim/src/cpp_a_follow_turtle_pkg/install/cpp_a_follow_turtle_pkg/lib'
[15.016s] Level 1:colcon.colcon_core.environment:checking '/home/ubuntu-ros2/robot_sim/src/cpp_a_follow_turtle_pkg/install/cpp_a_follow_turtle_pkg/bin'
[15.016s] Level 1:colcon.colcon_core.environment:checking '/home/ubuntu-ros2/robot_sim/src/cpp_a_follow_turtle_pkg/install/cpp_a_follow_turtle_pkg/lib/pkgconfig/cpp_a_follow_turtle_pkg.pc'
[15.016s] Level 1:colcon.colcon_core.environment:checking '/home/ubuntu-ros2/robot_sim/src/cpp_a_follow_turtle_pkg/install/cpp_a_follow_turtle_pkg/lib/python3.8/site-packages'
[15.018s] INFO:colcon.colcon_core.shell:Creating package script '/home/ubuntu-ros2/robot_sim/src/cpp_a_follow_turtle_pkg/install/cpp_a_follow_turtle_pkg/share/cpp_a_follow_turtle_pkg/package.ps1'
[15.019s] INFO:colcon.colcon_core.shell:Creating package descriptor '/home/ubuntu-ros2/robot_sim/src/cpp_a_follow_turtle_pkg/install/cpp_a_follow_turtle_pkg/share/cpp_a_follow_turtle_pkg/package.dsv'
[15.020s] INFO:colcon.colcon_core.shell:Creating package script '/home/ubuntu-ros2/robot_sim/src/cpp_a_follow_turtle_pkg/install/cpp_a_follow_turtle_pkg/share/cpp_a_follow_turtle_pkg/package.sh'
[15.021s] INFO:colcon.colcon_core.shell:Creating package script '/home/ubuntu-ros2/robot_sim/src/cpp_a_follow_turtle_pkg/install/cpp_a_follow_turtle_pkg/share/cpp_a_follow_turtle_pkg/package.bash'
[15.022s] INFO:colcon.colcon_core.shell:Creating package script '/home/ubuntu-ros2/robot_sim/src/cpp_a_follow_turtle_pkg/install/cpp_a_follow_turtle_pkg/share/cpp_a_follow_turtle_pkg/package.zsh'
[15.023s] Level 1:colcon.colcon_core.environment:create_file_with_runtime_dependencies(/home/ubuntu-ros2/robot_sim/src/cpp_a_follow_turtle_pkg/install/cpp_a_follow_turtle_pkg/share/colcon-core/packages/cpp_a_follow_turtle_pkg)
[15.054s] Level 1:colcon.colcon_core.environment:create_environment_scripts_only(cpp_a_follow_turtle_pkg)
[15.057s] Level 1:colcon.colcon_core.environment:checking '/home/ubuntu-ros2/robot_sim/src/cpp_a_follow_turtle_pkg/install/cpp_a_follow_turtle_pkg' for CMake module files
[15.058s] Level 1:colcon.colcon_core.environment:checking '/home/ubuntu-ros2/robot_sim/src/cpp_a_follow_turtle_pkg/install/cpp_a_follow_turtle_pkg' for CMake config files
[15.059s] Level 1:colcon.colcon_core.shell:create_environment_hook('cpp_a_follow_turtle_pkg', 'cmake_prefix_path')
[15.061s] INFO:colcon.colcon_core.shell:Creating environment hook '/home/ubuntu-ros2/robot_sim/src/cpp_a_follow_turtle_pkg/install/cpp_a_follow_turtle_pkg/share/cpp_a_follow_turtle_pkg/hook/cmake_prefix_path.ps1'
[15.062s] INFO:colcon.colcon_core.shell:Creating environment descriptor '/home/ubuntu-ros2/robot_sim/src/cpp_a_follow_turtle_pkg/install/cpp_a_follow_turtle_pkg/share/cpp_a_follow_turtle_pkg/hook/cmake_prefix_path.dsv'
[15.062s] INFO:colcon.colcon_core.shell:Creating environment hook '/home/ubuntu-ros2/robot_sim/src/cpp_a_follow_turtle_pkg/install/cpp_a_follow_turtle_pkg/share/cpp_a_follow_turtle_pkg/hook/cmake_prefix_path.sh'
[15.064s] Level 1:colcon.colcon_core.environment:checking '/home/ubuntu-ros2/robot_sim/src/cpp_a_follow_turtle_pkg/install/cpp_a_follow_turtle_pkg/lib'
[15.064s] Level 1:colcon.colcon_core.environment:checking '/home/ubuntu-ros2/robot_sim/src/cpp_a_follow_turtle_pkg/install/cpp_a_follow_turtle_pkg/bin'
[15.064s] Level 1:colcon.colcon_core.environment:checking '/home/ubuntu-ros2/robot_sim/src/cpp_a_follow_turtle_pkg/install/cpp_a_follow_turtle_pkg/lib/pkgconfig/cpp_a_follow_turtle_pkg.pc'
[15.065s] Level 1:colcon.colcon_core.environment:checking '/home/ubuntu-ros2/robot_sim/src/cpp_a_follow_turtle_pkg/install/cpp_a_follow_turtle_pkg/lib/python3.8/site-packages'
[15.067s] INFO:colcon.colcon_core.shell:Creating package script '/home/ubuntu-ros2/robot_sim/src/cpp_a_follow_turtle_pkg/install/cpp_a_follow_turtle_pkg/share/cpp_a_follow_turtle_pkg/package.ps1'
[15.069s] INFO:colcon.colcon_core.shell:Creating package descriptor '/home/ubuntu-ros2/robot_sim/src/cpp_a_follow_turtle_pkg/install/cpp_a_follow_turtle_pkg/share/cpp_a_follow_turtle_pkg/package.dsv'
[15.070s] INFO:colcon.colcon_core.shell:Creating package script '/home/ubuntu-ros2/robot_sim/src/cpp_a_follow_turtle_pkg/install/cpp_a_follow_turtle_pkg/share/cpp_a_follow_turtle_pkg/package.sh'
[15.070s] INFO:colcon.colcon_core.shell:Creating package script '/home/ubuntu-ros2/robot_sim/src/cpp_a_follow_turtle_pkg/install/cpp_a_follow_turtle_pkg/share/cpp_a_follow_turtle_pkg/package.bash'
[15.071s] INFO:colcon.colcon_core.shell:Creating package script '/home/ubuntu-ros2/robot_sim/src/cpp_a_follow_turtle_pkg/install/cpp_a_follow_turtle_pkg/share/cpp_a_follow_turtle_pkg/package.zsh'
[15.071s] Level 1:colcon.colcon_core.environment:create_file_with_runtime_dependencies(/home/ubuntu-ros2/robot_sim/src/cpp_a_follow_turtle_pkg/install/cpp_a_follow_turtle_pkg/share/colcon-core/packages/cpp_a_follow_turtle_pkg)
[15.072s] DEBUG:colcon.colcon_parallel_executor.executor.parallel:closing loop
[15.072s] DEBUG:colcon.colcon_parallel_executor.executor.parallel:loop closed
[15.072s] DEBUG:colcon.colcon_parallel_executor.executor.parallel:run_until_complete finished with '0'
[15.072s] DEBUG:colcon.colcon_core.event_reactor:joining thread
[15.080s] INFO:colcon.colcon_core.plugin_system:Skipping extension 'colcon_notification.desktop_notification.terminal_notifier': Not used on non-Darwin systems
[15.080s] INFO:colcon.colcon_core.plugin_system:Skipping extension 'colcon_notification.desktop_notification.win32': Not used on non-Windows systems
[15.081s] INFO:colcon.colcon_notification.desktop_notification:Sending desktop notification using 'notify2'
[15.113s] DEBUG:colcon.colcon_core.event_reactor:joined thread
[15.115s] INFO:colcon.colcon_core.shell:Creating prefix script '/home/ubuntu-ros2/robot_sim/src/cpp_a_follow_turtle_pkg/install/local_setup.ps1'
[15.117s] INFO:colcon.colcon_core.shell:Creating prefix util module '/home/ubuntu-ros2/robot_sim/src/cpp_a_follow_turtle_pkg/install/_local_setup_util_ps1.py'
[15.119s] INFO:colcon.colcon_core.shell:Creating prefix chain script '/home/ubuntu-ros2/robot_sim/src/cpp_a_follow_turtle_pkg/install/setup.ps1'
[15.123s] INFO:colcon.colcon_core.shell:Creating prefix script '/home/ubuntu-ros2/robot_sim/src/cpp_a_follow_turtle_pkg/install/local_setup.sh'
[15.124s] INFO:colcon.colcon_core.shell:Creating prefix util module '/home/ubuntu-ros2/robot_sim/src/cpp_a_follow_turtle_pkg/install/_local_setup_util_sh.py'
[15.125s] INFO:colcon.colcon_core.shell:Creating prefix chain script '/home/ubuntu-ros2/robot_sim/src/cpp_a_follow_turtle_pkg/install/setup.sh'
[15.130s] INFO:colcon.colcon_core.shell:Creating prefix script '/home/ubuntu-ros2/robot_sim/src/cpp_a_follow_turtle_pkg/install/local_setup.bash'
[15.131s] INFO:colcon.colcon_core.shell:Creating prefix chain script '/home/ubuntu-ros2/robot_sim/src/cpp_a_follow_turtle_pkg/install/setup.bash'
[15.135s] INFO:colcon.colcon_core.shell:Creating prefix script '/home/ubuntu-ros2/robot_sim/src/cpp_a_follow_turtle_pkg/install/local_setup.zsh'
[15.136s] INFO:colcon.colcon_core.shell:Creating prefix chain script '/home/ubuntu-ros2/robot_sim/src/cpp_a_follow_turtle_pkg/install/setup.zsh'
