[0.394s] DEBUG:colcon:Command line arguments: ['/usr/bin/colcon', 'build', '--base-paths', '/home/ubuntu-ros2/robot_sim/src/cpp_a_follow_turtle_pkg']
[0.394s] DEBUG:colcon:Parsed command line arguments: Namespace(ament_cmake_args=None, base_paths=['/home/ubuntu-ros2/robot_sim/src/cpp_a_follow_turtle_pkg'], build_base='build', catkin_cmake_args=None, catkin_skip_building_tests=False, cmake_args=None, cmake_clean_cache=False, cmake_clean_first=False, cmake_force_configure=False, cmake_target=None, cmake_target_skip_unavailable=False, continue_on_error=False, event_handlers=None, executor='parallel', ignore_user_meta=False, install_base='install', log_base=None, log_level=None, main=<bound method BuildVerb.main of <colcon_core.verb.build.BuildVerb object at 0x7f91dd4db2e0>>, merge_install=False, metas=['./colcon.meta'], packages_above=None, packages_above_and_dependencies=None, packages_above_depth=None, packages_end=None, packages_ignore=None, packages_ignore_regex=None, packages_select=None, packages_select_build_failed=False, packages_select_by_dep=None, packages_select_regex=None, packages_select_test_failures=False, packages_skip=None, packages_skip_build_finished=False, packages_skip_by_dep=None, packages_skip_regex=None, packages_skip_test_passed=False, packages_skip_up_to=None, packages_start=None, packages_up_to=None, packages_up_to_regex=None, parallel_workers=8, paths=None, symlink_install=False, test_result_base=None, verb_extension=<colcon_core.verb.build.BuildVerb object at 0x7f91dd4db2e0>, verb_name='build', verb_parser=<colcon_defaults.argument_parser.defaults.DefaultArgumentsDecorator object at 0x7f91dd4db820>)
[0.403s] Level 1:colcon.colcon_core.package_discovery:discover_packages(colcon_meta) check parameters
[0.403s] Level 1:colcon.colcon_core.package_discovery:discover_packages(recursive) check parameters
[0.403s] Level 1:colcon.colcon_core.package_discovery:discover_packages(ignore) check parameters
[0.403s] Level 1:colcon.colcon_core.package_discovery:discover_packages(path) check parameters
[0.403s] Level 1:colcon.colcon_core.package_discovery:discover_packages(recursive) discover
[0.403s] INFO:colcon.colcon_core.package_discovery:Crawling recursively for packages in '/home/ubuntu-ros2/robot_sim/src/cpp_a_follow_turtle_pkg'
[0.403s] Level 1:colcon.colcon_core.package_identification:_identify(/home/ubuntu-ros2/robot_sim/src/cpp_a_follow_turtle_pkg) by extensions ['ignore', 'ignore_ament_install']
[0.403s] Level 1:colcon.colcon_core.package_identification:_identify(/home/ubuntu-ros2/robot_sim/src/cpp_a_follow_turtle_pkg) by extension 'ignore'
[0.404s] Level 1:colcon.colcon_core.package_identification:_identify(/home/ubuntu-ros2/robot_sim/src/cpp_a_follow_turtle_pkg) by extension 'ignore_ament_install'
[0.404s] Level 1:colcon.colcon_core.package_identification:_identify(/home/ubuntu-ros2/robot_sim/src/cpp_a_follow_turtle_pkg) by extensions ['colcon_pkg']
[0.404s] Level 1:colcon.colcon_core.package_identification:_identify(/home/ubuntu-ros2/robot_sim/src/cpp_a_follow_turtle_pkg) by extension 'colcon_pkg'
[0.404s] Level 1:colcon.colcon_core.package_identification:_identify(/home/ubuntu-ros2/robot_sim/src/cpp_a_follow_turtle_pkg) by extensions ['colcon_meta']
[0.404s] Level 1:colcon.colcon_core.package_identification:_identify(/home/ubuntu-ros2/robot_sim/src/cpp_a_follow_turtle_pkg) by extension 'colcon_meta'
[0.404s] Level 1:colcon.colcon_core.package_identification:_identify(/home/ubuntu-ros2/robot_sim/src/cpp_a_follow_turtle_pkg) by extensions ['ros']
[0.404s] Level 1:colcon.colcon_core.package_identification:_identify(/home/ubuntu-ros2/robot_sim/src/cpp_a_follow_turtle_pkg) by extension 'ros'
[0.419s] DEBUG:colcon.colcon_core.package_identification:Package '/home/ubuntu-ros2/robot_sim/src/cpp_a_follow_turtle_pkg' with type 'ros.ament_cmake' and name 'cpp_a_follow_turtle_pkg'
[0.419s] Level 1:colcon.colcon_core.package_discovery:discover_packages(recursive) using defaults
[0.452s] Level 5:colcon.colcon_core.verb:set package 'cpp_a_follow_turtle_pkg' build argument 'cmake_args' from command line to 'None'
[0.452s] Level 5:colcon.colcon_core.verb:set package 'cpp_a_follow_turtle_pkg' build argument 'cmake_target' from command line to 'None'
[0.452s] Level 5:colcon.colcon_core.verb:set package 'cpp_a_follow_turtle_pkg' build argument 'cmake_target_skip_unavailable' from command line to 'False'
[0.452s] Level 5:colcon.colcon_core.verb:set package 'cpp_a_follow_turtle_pkg' build argument 'cmake_clean_cache' from command line to 'False'
[0.452s] Level 5:colcon.colcon_core.verb:set package 'cpp_a_follow_turtle_pkg' build argument 'cmake_clean_first' from command line to 'False'
[0.453s] Level 5:colcon.colcon_core.verb:set package 'cpp_a_follow_turtle_pkg' build argument 'cmake_force_configure' from command line to 'False'
[0.453s] Level 5:colcon.colcon_core.verb:set package 'cpp_a_follow_turtle_pkg' build argument 'ament_cmake_args' from command line to 'None'
[0.453s] Level 5:colcon.colcon_core.verb:set package 'cpp_a_follow_turtle_pkg' build argument 'catkin_cmake_args' from command line to 'None'
[0.453s] Level 5:colcon.colcon_core.verb:set package 'cpp_a_follow_turtle_pkg' build argument 'catkin_skip_building_tests' from command line to 'False'
[0.453s] DEBUG:colcon.colcon_core.verb:Building package 'cpp_a_follow_turtle_pkg' with the following arguments: {'ament_cmake_args': None, 'build_base': '/home/ubuntu-ros2/robot_sim/src/cpp_a_follow_turtle_pkg/build/cpp_a_follow_turtle_pkg', 'catkin_cmake_args': None, 'catkin_skip_building_tests': False, 'cmake_args': None, 'cmake_clean_cache': False, 'cmake_clean_first': False, 'cmake_force_configure': False, 'cmake_target': None, 'cmake_target_skip_unavailable': False, 'install_base': '/home/ubuntu-ros2/robot_sim/src/cpp_a_follow_turtle_pkg/install/cpp_a_follow_turtle_pkg', 'merge_install': False, 'path': '/home/ubuntu-ros2/robot_sim/src/cpp_a_follow_turtle_pkg', 'symlink_install': False, 'test_result_base': None}
[0.453s] INFO:colcon.colcon_core.executor:Executing jobs using 'parallel' executor
[0.456s] DEBUG:colcon.colcon_parallel_executor.executor.parallel:run_until_complete
[0.456s] INFO:colcon.colcon_ros.task.ament_cmake.build:Building ROS package in '/home/ubuntu-ros2/robot_sim/src/cpp_a_follow_turtle_pkg' with build type 'ament_cmake'
[0.456s] INFO:colcon.colcon_cmake.task.cmake.build:Building CMake package in '/home/ubuntu-ros2/robot_sim/src/cpp_a_follow_turtle_pkg'
[0.466s] INFO:colcon.colcon_core.plugin_system:Skipping extension 'colcon_core.shell.bat': Not used on non-Windows systems
[0.466s] INFO:colcon.colcon_core.shell:Skip shell extension 'powershell' for command environment: Not usable outside of PowerShell
[0.466s] DEBUG:colcon.colcon_core.shell:Skip shell extension 'dsv' for command environment
[0.470s] DEBUG:colcon.colcon_core.shell:Ignoring prefix path '/opt/ros/rolling'
[0.483s] DEBUG:colcon.colcon_core.event_handler.log_command:Invoking command in '/home/ubuntu-ros2/robot_sim/src/cpp_a_follow_turtle_pkg/build/cpp_a_follow_turtle_pkg': CMAKE_PREFIX_PATH=/opt/ros/rolling /usr/bin/cmake --build /home/ubuntu-ros2/robot_sim/src/cpp_a_follow_turtle_pkg/build/cpp_a_follow_turtle_pkg -- -j8 -l8
[0.611s] DEBUG:colcon.colcon_core.event_handler.log_command:Invoked command in '/home/ubuntu-ros2/robot_sim/src/cpp_a_follow_turtle_pkg/build/cpp_a_follow_turtle_pkg' returned '0': CMAKE_PREFIX_PATH=/opt/ros/rolling /usr/bin/cmake --build /home/ubuntu-ros2/robot_sim/src/cpp_a_follow_turtle_pkg/build/cpp_a_follow_turtle_pkg -- -j8 -l8
[0.679s] DEBUG:colcon.colcon_core.event_handler.log_command:Invoking command in '/home/ubuntu-ros2/robot_sim/src/cpp_a_follow_turtle_pkg/build/cpp_a_follow_turtle_pkg': CMAKE_PREFIX_PATH=/opt/ros/rolling /usr/bin/cmake --install /home/ubuntu-ros2/robot_sim/src/cpp_a_follow_turtle_pkg/build/cpp_a_follow_turtle_pkg
[0.693s] Level 1:colcon.colcon_core.environment:create_environment_scripts_only(cpp_a_follow_turtle_pkg)
[0.697s] DEBUG:colcon.colcon_core.event_handler.log_command:Invoked command in '/home/ubuntu-ros2/robot_sim/src/cpp_a_follow_turtle_pkg/build/cpp_a_follow_turtle_pkg' returned '0': CMAKE_PREFIX_PATH=/opt/ros/rolling /usr/bin/cmake --install /home/ubuntu-ros2/robot_sim/src/cpp_a_follow_turtle_pkg/build/cpp_a_follow_turtle_pkg
[0.703s] Level 1:colcon.colcon_core.environment:checking '/home/ubuntu-ros2/robot_sim/src/cpp_a_follow_turtle_pkg/install/cpp_a_follow_turtle_pkg' for CMake module files
[0.704s] Level 1:colcon.colcon_core.environment:checking '/home/ubuntu-ros2/robot_sim/src/cpp_a_follow_turtle_pkg/install/cpp_a_follow_turtle_pkg' for CMake config files
[0.705s] Level 1:colcon.colcon_core.shell:create_environment_hook('cpp_a_follow_turtle_pkg', 'cmake_prefix_path')
[0.706s] INFO:colcon.colcon_core.shell:Creating environment hook '/home/ubuntu-ros2/robot_sim/src/cpp_a_follow_turtle_pkg/install/cpp_a_follow_turtle_pkg/share/cpp_a_follow_turtle_pkg/hook/cmake_prefix_path.ps1'
[0.707s] INFO:colcon.colcon_core.shell:Creating environment descriptor '/home/ubuntu-ros2/robot_sim/src/cpp_a_follow_turtle_pkg/install/cpp_a_follow_turtle_pkg/share/cpp_a_follow_turtle_pkg/hook/cmake_prefix_path.dsv'
[0.708s] INFO:colcon.colcon_core.shell:Creating environment hook '/home/ubuntu-ros2/robot_sim/src/cpp_a_follow_turtle_pkg/install/cpp_a_follow_turtle_pkg/share/cpp_a_follow_turtle_pkg/hook/cmake_prefix_path.sh'
[0.709s] Level 1:colcon.colcon_core.environment:checking '/home/ubuntu-ros2/robot_sim/src/cpp_a_follow_turtle_pkg/install/cpp_a_follow_turtle_pkg/lib'
[0.710s] Level 1:colcon.colcon_core.environment:checking '/home/ubuntu-ros2/robot_sim/src/cpp_a_follow_turtle_pkg/install/cpp_a_follow_turtle_pkg/bin'
[0.710s] Level 1:colcon.colcon_core.environment:checking '/home/ubuntu-ros2/robot_sim/src/cpp_a_follow_turtle_pkg/install/cpp_a_follow_turtle_pkg/lib/pkgconfig/cpp_a_follow_turtle_pkg.pc'
[0.710s] Level 1:colcon.colcon_core.environment:checking '/home/ubuntu-ros2/robot_sim/src/cpp_a_follow_turtle_pkg/install/cpp_a_follow_turtle_pkg/lib/python3.8/site-packages'
[0.711s] INFO:colcon.colcon_core.shell:Creating package script '/home/ubuntu-ros2/robot_sim/src/cpp_a_follow_turtle_pkg/install/cpp_a_follow_turtle_pkg/share/cpp_a_follow_turtle_pkg/package.ps1'
[0.713s] INFO:colcon.colcon_core.shell:Creating package descriptor '/home/ubuntu-ros2/robot_sim/src/cpp_a_follow_turtle_pkg/install/cpp_a_follow_turtle_pkg/share/cpp_a_follow_turtle_pkg/package.dsv'
[0.714s] INFO:colcon.colcon_core.shell:Creating package script '/home/ubuntu-ros2/robot_sim/src/cpp_a_follow_turtle_pkg/install/cpp_a_follow_turtle_pkg/share/cpp_a_follow_turtle_pkg/package.sh'
[0.716s] INFO:colcon.colcon_core.shell:Creating package script '/home/ubuntu-ros2/robot_sim/src/cpp_a_follow_turtle_pkg/install/cpp_a_follow_turtle_pkg/share/cpp_a_follow_turtle_pkg/package.bash'
[0.717s] INFO:colcon.colcon_core.shell:Creating package script '/home/ubuntu-ros2/robot_sim/src/cpp_a_follow_turtle_pkg/install/cpp_a_follow_turtle_pkg/share/cpp_a_follow_turtle_pkg/package.zsh'
[0.717s] Level 1:colcon.colcon_core.environment:create_file_with_runtime_dependencies(/home/ubuntu-ros2/robot_sim/src/cpp_a_follow_turtle_pkg/install/cpp_a_follow_turtle_pkg/share/colcon-core/packages/cpp_a_follow_turtle_pkg)
[0.756s] Level 1:colcon.colcon_core.environment:create_environment_scripts_only(cpp_a_follow_turtle_pkg)
[0.759s] Level 1:colcon.colcon_core.environment:checking '/home/ubuntu-ros2/robot_sim/src/cpp_a_follow_turtle_pkg/install/cpp_a_follow_turtle_pkg' for CMake module files
[0.762s] Level 1:colcon.colcon_core.environment:checking '/home/ubuntu-ros2/robot_sim/src/cpp_a_follow_turtle_pkg/install/cpp_a_follow_turtle_pkg' for CMake config files
[0.762s] Level 1:colcon.colcon_core.shell:create_environment_hook('cpp_a_follow_turtle_pkg', 'cmake_prefix_path')
[0.765s] INFO:colcon.colcon_core.shell:Creating environment hook '/home/ubuntu-ros2/robot_sim/src/cpp_a_follow_turtle_pkg/install/cpp_a_follow_turtle_pkg/share/cpp_a_follow_turtle_pkg/hook/cmake_prefix_path.ps1'
[0.766s] INFO:colcon.colcon_core.shell:Creating environment descriptor '/home/ubuntu-ros2/robot_sim/src/cpp_a_follow_turtle_pkg/install/cpp_a_follow_turtle_pkg/share/cpp_a_follow_turtle_pkg/hook/cmake_prefix_path.dsv'
[0.766s] INFO:colcon.colcon_core.shell:Creating environment hook '/home/ubuntu-ros2/robot_sim/src/cpp_a_follow_turtle_pkg/install/cpp_a_follow_turtle_pkg/share/cpp_a_follow_turtle_pkg/hook/cmake_prefix_path.sh'
[0.768s] Level 1:colcon.colcon_core.environment:checking '/home/ubuntu-ros2/robot_sim/src/cpp_a_follow_turtle_pkg/install/cpp_a_follow_turtle_pkg/lib'
[0.768s] Level 1:colcon.colcon_core.environment:checking '/home/ubuntu-ros2/robot_sim/src/cpp_a_follow_turtle_pkg/install/cpp_a_follow_turtle_pkg/bin'
[0.768s] Level 1:colcon.colcon_core.environment:checking '/home/ubuntu-ros2/robot_sim/src/cpp_a_follow_turtle_pkg/install/cpp_a_follow_turtle_pkg/lib/pkgconfig/cpp_a_follow_turtle_pkg.pc'
[0.769s] Level 1:colcon.colcon_core.environment:checking '/home/ubuntu-ros2/robot_sim/src/cpp_a_follow_turtle_pkg/install/cpp_a_follow_turtle_pkg/lib/python3.8/site-packages'
[0.771s] INFO:colcon.colcon_core.shell:Creating package script '/home/ubuntu-ros2/robot_sim/src/cpp_a_follow_turtle_pkg/install/cpp_a_follow_turtle_pkg/share/cpp_a_follow_turtle_pkg/package.ps1'
[0.772s] INFO:colcon.colcon_core.shell:Creating package descriptor '/home/ubuntu-ros2/robot_sim/src/cpp_a_follow_turtle_pkg/install/cpp_a_follow_turtle_pkg/share/cpp_a_follow_turtle_pkg/package.dsv'
[0.774s] INFO:colcon.colcon_core.shell:Creating package script '/home/ubuntu-ros2/robot_sim/src/cpp_a_follow_turtle_pkg/install/cpp_a_follow_turtle_pkg/share/cpp_a_follow_turtle_pkg/package.sh'
[0.775s] INFO:colcon.colcon_core.shell:Creating package script '/home/ubuntu-ros2/robot_sim/src/cpp_a_follow_turtle_pkg/install/cpp_a_follow_turtle_pkg/share/cpp_a_follow_turtle_pkg/package.bash'
[0.776s] INFO:colcon.colcon_core.shell:Creating package script '/home/ubuntu-ros2/robot_sim/src/cpp_a_follow_turtle_pkg/install/cpp_a_follow_turtle_pkg/share/cpp_a_follow_turtle_pkg/package.zsh'
[0.777s] Level 1:colcon.colcon_core.environment:create_file_with_runtime_dependencies(/home/ubuntu-ros2/robot_sim/src/cpp_a_follow_turtle_pkg/install/cpp_a_follow_turtle_pkg/share/colcon-core/packages/cpp_a_follow_turtle_pkg)
[0.778s] DEBUG:colcon.colcon_parallel_executor.executor.parallel:closing loop
[0.778s] DEBUG:colcon.colcon_parallel_executor.executor.parallel:loop closed
[0.779s] DEBUG:colcon.colcon_parallel_executor.executor.parallel:run_until_complete finished with '0'
[0.780s] DEBUG:colcon.colcon_core.event_reactor:joining thread
[0.791s] INFO:colcon.colcon_core.plugin_system:Skipping extension 'colcon_notification.desktop_notification.terminal_notifier': Not used on non-Darwin systems
[0.791s] INFO:colcon.colcon_core.plugin_system:Skipping extension 'colcon_notification.desktop_notification.win32': Not used on non-Windows systems
[0.791s] INFO:colcon.colcon_notification.desktop_notification:Sending desktop notification using 'notify2'
[0.813s] DEBUG:colcon.colcon_core.event_reactor:joined thread
[0.815s] INFO:colcon.colcon_core.shell:Creating prefix script '/home/ubuntu-ros2/robot_sim/src/cpp_a_follow_turtle_pkg/install/local_setup.ps1'
[0.818s] INFO:colcon.colcon_core.shell:Creating prefix util module '/home/ubuntu-ros2/robot_sim/src/cpp_a_follow_turtle_pkg/install/_local_setup_util_ps1.py'
[0.823s] INFO:colcon.colcon_core.shell:Creating prefix chain script '/home/ubuntu-ros2/robot_sim/src/cpp_a_follow_turtle_pkg/install/setup.ps1'
[0.828s] INFO:colcon.colcon_core.shell:Creating prefix script '/home/ubuntu-ros2/robot_sim/src/cpp_a_follow_turtle_pkg/install/local_setup.sh'
[0.829s] INFO:colcon.colcon_core.shell:Creating prefix util module '/home/ubuntu-ros2/robot_sim/src/cpp_a_follow_turtle_pkg/install/_local_setup_util_sh.py'
[0.830s] INFO:colcon.colcon_core.shell:Creating prefix chain script '/home/ubuntu-ros2/robot_sim/src/cpp_a_follow_turtle_pkg/install/setup.sh'
[0.834s] INFO:colcon.colcon_core.shell:Creating prefix script '/home/ubuntu-ros2/robot_sim/src/cpp_a_follow_turtle_pkg/install/local_setup.bash'
[0.834s] INFO:colcon.colcon_core.shell:Creating prefix chain script '/home/ubuntu-ros2/robot_sim/src/cpp_a_follow_turtle_pkg/install/setup.bash'
[0.838s] INFO:colcon.colcon_core.shell:Creating prefix script '/home/ubuntu-ros2/robot_sim/src/cpp_a_follow_turtle_pkg/install/local_setup.zsh'
[0.839s] INFO:colcon.colcon_core.shell:Creating prefix chain script '/home/ubuntu-ros2/robot_sim/src/cpp_a_follow_turtle_pkg/install/setup.zsh'
