-- The C compiler identification is GNU 9.3.0
-- The CXX compiler identification is GNU 9.3.0
-- Check for working C compiler: /usr/bin/cc
-- Check for working C compiler: /usr/bin/cc -- works
-- Detecting C compiler ABI info
-- Detecting C compiler ABI info - done
-- Detecting C compile features
-- Detecting C compile features - done
-- Check for working CXX compiler: /usr/bin/c++
-- Check for working CXX compiler: /usr/bin/c++ -- works
-- Detecting CXX compiler ABI info
-- Detecting CXX compiler ABI info - done
-- Detecting CXX compile features
-- Detecting CXX compile features - done
-- Found ament_cmake: 1.1.4 (/opt/ros/rolling/share/ament_cmake/cmake)
-- Found PythonInterp: /usr/bin/python3 (found suitable version "3.8.10", minimum required is "3") 
-- Using PYTHON_EXECUTABLE: /usr/bin/python3
-- Found tf2: 0.18.0 (/opt/ros/rolling/share/tf2/cmake)
-- Using all available rosidl_typesupport_c: rosidl_typesupport_fastrtps_c;rosidl_typesupport_introspection_c
-- Found rosidl_adapter: 2.4.0 (/opt/ros/rolling/share/rosidl_adapter/cmake)
-- Found OpenSSL: /usr/lib/x86_64-linux-gnu/libcrypto.so (found version "1.1.1f")  
-- Found FastRTPS: /opt/ros/rolling/include  
-- Using all available rosidl_typesupport_cpp: rosidl_typesupport_fastrtps_cpp;rosidl_typesupport_introspection_cpp
-- Found tf2_ros: 0.18.0 (/opt/ros/rolling/share/tf2_ros/cmake)
-- Found rmw_implementation_cmake: 4.0.0 (/opt/ros/rolling/share/rmw_implementation_cmake/cmake)
-- Found rmw_cyclonedds_cpp: 0.23.1 (/opt/ros/rolling/share/rmw_cyclonedds_cpp/cmake)
-- Using RMW implementation 'rmw_cyclonedds_cpp' as default
-- Looking for pthread.h
-- Looking for pthread.h - found
-- Performing Test CMAKE_HAVE_LIBC_PTHREAD
-- Performing Test CMAKE_HAVE_LIBC_PTHREAD - Failed
-- Looking for pthread_create in pthreads
-- Looking for pthread_create in pthreads - not found
-- Looking for pthread_create in pthread
-- Looking for pthread_create in pthread - found
-- Found Threads: TRUE  
-- Found tf2_geometry_msgs: 0.18.0 (/opt/ros/rolling/share/tf2_geometry_msgs/cmake)
-- Found eigen3_cmake_module: 0.1.1 (/opt/ros/rolling/share/eigen3_cmake_module/cmake)
-- Found Eigen3: TRUE (found version "3.3.7") 
-- Found turtlesim: 1.3.2 (/opt/ros/rolling/share/turtlesim/cmake)
-- Found ament_lint_auto: 0.11.2 (/opt/ros/rolling/share/ament_lint_auto/cmake)
-- Added test 'copyright' to check source files copyright and LICENSE
-- Added test 'cppcheck' to perform static code analysis on C / C++ code
-- Configured cppcheck include dirs: 
-- Configured cppcheck exclude dirs and/or files: 
-- Added test 'cpplint' to check C / C++ code against the Google style
-- Configured cpplint exclude dirs and/or files: 
-- Added test 'flake8' to check Python code syntax and style conventions
-- Added test 'lint_cmake' to check CMake code style
-- Added test 'pep257' to check Python code against some of the style conventions in PEP 257
-- Added test 'uncrustify' to check C / C++ code style
-- Configured uncrustify additional arguments: 
-- Added test 'xmllint' to check XML markup files
-- Configuring done
-- Generating done
-- Build files have been written to: /home/ubuntu-ros2/robot_sim/src/cpp_a_follow_turtle_pkg/build/cpp_a_follow_turtle_pkg
[35m[1mScanning dependencies of target turtle_spawner[0m
[35m[1mScanning dependencies of target turtle_pub[0m
[ 25%] [32mBuilding CXX object CMakeFiles/turtle_spawner.dir/src/new_turtle_spawner.cpp.o[0m
[ 50%] [32mBuilding CXX object CMakeFiles/turtle_pub.dir/src/turtles_pose_pub.cpp.o[0m
In file included from [01m[K/opt/ros/rolling/include/rclcpp/client.hpp:40[m[K,
                 from [01m[K/opt/ros/rolling/include/rclcpp/callback_group.hpp:23[m[K,
                 from [01m[K/opt/ros/rolling/include/rclcpp/any_executable.hpp:20[m[K,
                 from [01m[K/opt/ros/rolling/include/rclcpp/memory_strategy.hpp:25[m[K,
                 from [01m[K/opt/ros/rolling/include/rclcpp/memory_strategies.hpp:18[m[K,
                 from [01m[K/opt/ros/rolling/include/rclcpp/executor_options.hpp:20[m[K,
                 from [01m[K/opt/ros/rolling/include/rclcpp/executor.hpp:36[m[K,
                 from [01m[K/opt/ros/rolling/include/rclcpp/executors/multi_threaded_executor.hpp:25[m[K,
                 from [01m[K/opt/ros/rolling/include/rclcpp/executors.hpp:21[m[K,
                 from [01m[K/opt/ros/rolling/include/rclcpp/rclcpp.hpp:156[m[K,
                 from [01m[K/home/ubuntu-ros2/robot_sim/src/cpp_a_follow_turtle_pkg/src/new_turtle_spawner.cpp:5[m[K:
[01m[K/home/ubuntu-ros2/robot_sim/src/cpp_a_follow_turtle_pkg/src/new_turtle_spawner.cpp:[m[K In function ‘[01m[Kint main(int, char**)[m[K’:
[01m[K/home/ubuntu-ros2/robot_sim/src/cpp_a_follow_turtle_pkg/src/new_turtle_spawner.cpp:16:37:[m[K [01;35m[Kwarning: [m[Kzero-length gnu_printf format string [[01;35m[K-Wformat-zero-length[m[K]
   16 |     RCLCPP_INFO(node->get_logger(), [01;35m[K""[m[K);
      |                                     [01;35m[K^~[m[K
[ 75%] [32m[1mLinking CXX executable turtle_spawner[0m
[ 75%] Built target turtle_spawner
[100%] [32m[1mLinking CXX executable turtle_pub[0m
[100%] Built target turtle_pub
-- Install configuration: ""
-- Installing: /home/ubuntu-ros2/robot_sim/src/cpp_a_follow_turtle_pkg/install/cpp_a_follow_turtle_pkg/lib/cpp_a_follow_turtle_pkg/turtle_spawner
-- Set runtime path of "/home/ubuntu-ros2/robot_sim/src/cpp_a_follow_turtle_pkg/install/cpp_a_follow_turtle_pkg/lib/cpp_a_follow_turtle_pkg/turtle_spawner" to ""
-- Installing: /home/ubuntu-ros2/robot_sim/src/cpp_a_follow_turtle_pkg/install/cpp_a_follow_turtle_pkg/lib/cpp_a_follow_turtle_pkg/turtle_pub
-- Set runtime path of "/home/ubuntu-ros2/robot_sim/src/cpp_a_follow_turtle_pkg/install/cpp_a_follow_turtle_pkg/lib/cpp_a_follow_turtle_pkg/turtle_pub" to ""
-- Installing: /home/ubuntu-ros2/robot_sim/src/cpp_a_follow_turtle_pkg/install/cpp_a_follow_turtle_pkg/share/cpp_a_follow_turtle_pkg//launch
-- Installing: /home/ubuntu-ros2/robot_sim/src/cpp_a_follow_turtle_pkg/install/cpp_a_follow_turtle_pkg/share/cpp_a_follow_turtle_pkg//launch/follow_turtle.launch.py
-- Installing: /home/ubuntu-ros2/robot_sim/src/cpp_a_follow_turtle_pkg/install/cpp_a_follow_turtle_pkg/share/ament_index/resource_index/package_run_dependencies/cpp_a_follow_turtle_pkg
-- Installing: /home/ubuntu-ros2/robot_sim/src/cpp_a_follow_turtle_pkg/install/cpp_a_follow_turtle_pkg/share/ament_index/resource_index/parent_prefix_path/cpp_a_follow_turtle_pkg
-- Installing: /home/ubuntu-ros2/robot_sim/src/cpp_a_follow_turtle_pkg/install/cpp_a_follow_turtle_pkg/share/cpp_a_follow_turtle_pkg/environment/ament_prefix_path.sh
-- Installing: /home/ubuntu-ros2/robot_sim/src/cpp_a_follow_turtle_pkg/install/cpp_a_follow_turtle_pkg/share/cpp_a_follow_turtle_pkg/environment/ament_prefix_path.dsv
-- Installing: /home/ubuntu-ros2/robot_sim/src/cpp_a_follow_turtle_pkg/install/cpp_a_follow_turtle_pkg/share/cpp_a_follow_turtle_pkg/environment/path.sh
-- Installing: /home/ubuntu-ros2/robot_sim/src/cpp_a_follow_turtle_pkg/install/cpp_a_follow_turtle_pkg/share/cpp_a_follow_turtle_pkg/environment/path.dsv
-- Installing: /home/ubuntu-ros2/robot_sim/src/cpp_a_follow_turtle_pkg/install/cpp_a_follow_turtle_pkg/share/cpp_a_follow_turtle_pkg/local_setup.bash
-- Installing: /home/ubuntu-ros2/robot_sim/src/cpp_a_follow_turtle_pkg/install/cpp_a_follow_turtle_pkg/share/cpp_a_follow_turtle_pkg/local_setup.sh
-- Installing: /home/ubuntu-ros2/robot_sim/src/cpp_a_follow_turtle_pkg/install/cpp_a_follow_turtle_pkg/share/cpp_a_follow_turtle_pkg/local_setup.zsh
-- Installing: /home/ubuntu-ros2/robot_sim/src/cpp_a_follow_turtle_pkg/install/cpp_a_follow_turtle_pkg/share/cpp_a_follow_turtle_pkg/local_setup.dsv
-- Installing: /home/ubuntu-ros2/robot_sim/src/cpp_a_follow_turtle_pkg/install/cpp_a_follow_turtle_pkg/share/cpp_a_follow_turtle_pkg/package.dsv
-- Installing: /home/ubuntu-ros2/robot_sim/src/cpp_a_follow_turtle_pkg/install/cpp_a_follow_turtle_pkg/share/ament_index/resource_index/packages/cpp_a_follow_turtle_pkg
-- Installing: /home/ubuntu-ros2/robot_sim/src/cpp_a_follow_turtle_pkg/install/cpp_a_follow_turtle_pkg/share/cpp_a_follow_turtle_pkg/cmake/cpp_a_follow_turtle_pkgConfig.cmake
-- Installing: /home/ubuntu-ros2/robot_sim/src/cpp_a_follow_turtle_pkg/install/cpp_a_follow_turtle_pkg/share/cpp_a_follow_turtle_pkg/cmake/cpp_a_follow_turtle_pkgConfig-version.cmake
-- Installing: /home/ubuntu-ros2/robot_sim/src/cpp_a_follow_turtle_pkg/install/cpp_a_follow_turtle_pkg/share/cpp_a_follow_turtle_pkg/package.xml
