[0.397s] DEBUG:colcon:Command line arguments: ['/usr/bin/colcon', 'build', '--base-paths', '/home/ubuntu-ros2/robot_sim/src/cpp_a_follow_turtle_pkg']
[0.397s] DEBUG:colcon:Parsed command line arguments: Namespace(ament_cmake_args=None, base_paths=['/home/ubuntu-ros2/robot_sim/src/cpp_a_follow_turtle_pkg'], build_base='build', catkin_cmake_args=None, catkin_skip_building_tests=False, cmake_args=None, cmake_clean_cache=False, cmake_clean_first=False, cmake_force_configure=False, cmake_target=None, cmake_target_skip_unavailable=False, continue_on_error=False, event_handlers=None, executor='parallel', ignore_user_meta=False, install_base='install', log_base=None, log_level=None, main=<bound method BuildVerb.main of <colcon_core.verb.build.BuildVerb object at 0x7f6b8ef38310>>, merge_install=False, metas=['./colcon.meta'], packages_above=None, packages_above_and_dependencies=None, packages_above_depth=None, packages_end=None, packages_ignore=None, packages_ignore_regex=None, packages_select=None, packages_select_build_failed=False, packages_select_by_dep=None, packages_select_regex=None, packages_select_test_failures=False, packages_skip=None, packages_skip_build_finished=False, packages_skip_by_dep=None, packages_skip_regex=None, packages_skip_test_passed=False, packages_skip_up_to=None, packages_start=None, packages_up_to=None, packages_up_to_regex=None, parallel_workers=8, paths=None, symlink_install=False, test_result_base=None, verb_extension=<colcon_core.verb.build.BuildVerb object at 0x7f6b8ef38310>, verb_name='build', verb_parser=<colcon_defaults.argument_parser.defaults.DefaultArgumentsDecorator object at 0x7f6b8ef38850>)
[0.404s] Level 1:colcon.colcon_core.package_discovery:discover_packages(colcon_meta) check parameters
[0.404s] Level 1:colcon.colcon_core.package_discovery:discover_packages(recursive) check parameters
[0.404s] Level 1:colcon.colcon_core.package_discovery:discover_packages(ignore) check parameters
[0.404s] Level 1:colcon.colcon_core.package_discovery:discover_packages(path) check parameters
[0.404s] Level 1:colcon.colcon_core.package_discovery:discover_packages(recursive) discover
[0.404s] INFO:colcon.colcon_core.package_discovery:Crawling recursively for packages in '/home/ubuntu-ros2/robot_sim/src/cpp_a_follow_turtle_pkg'
[0.404s] Level 1:colcon.colcon_core.package_identification:_identify(/home/ubuntu-ros2/robot_sim/src/cpp_a_follow_turtle_pkg) by extensions ['ignore', 'ignore_ament_install']
[0.404s] Level 1:colcon.colcon_core.package_identification:_identify(/home/ubuntu-ros2/robot_sim/src/cpp_a_follow_turtle_pkg) by extension 'ignore'
[0.404s] Level 1:colcon.colcon_core.package_identification:_identify(/home/ubuntu-ros2/robot_sim/src/cpp_a_follow_turtle_pkg) by extension 'ignore_ament_install'
[0.404s] Level 1:colcon.colcon_core.package_identification:_identify(/home/ubuntu-ros2/robot_sim/src/cpp_a_follow_turtle_pkg) by extensions ['colcon_pkg']
[0.404s] Level 1:colcon.colcon_core.package_identification:_identify(/home/ubuntu-ros2/robot_sim/src/cpp_a_follow_turtle_pkg) by extension 'colcon_pkg'
[0.405s] Level 1:colcon.colcon_core.package_identification:_identify(/home/ubuntu-ros2/robot_sim/src/cpp_a_follow_turtle_pkg) by extensions ['colcon_meta']
[0.405s] Level 1:colcon.colcon_core.package_identification:_identify(/home/ubuntu-ros2/robot_sim/src/cpp_a_follow_turtle_pkg) by extension 'colcon_meta'
[0.405s] Level 1:colcon.colcon_core.package_identification:_identify(/home/ubuntu-ros2/robot_sim/src/cpp_a_follow_turtle_pkg) by extensions ['ros']
[0.405s] Level 1:colcon.colcon_core.package_identification:_identify(/home/ubuntu-ros2/robot_sim/src/cpp_a_follow_turtle_pkg) by extension 'ros'
[0.420s] DEBUG:colcon.colcon_core.package_identification:Package '/home/ubuntu-ros2/robot_sim/src/cpp_a_follow_turtle_pkg' with type 'ros.ament_cmake' and name 'cpp_a_follow_turtle_pkg'
[0.421s] Level 1:colcon.colcon_core.package_discovery:discover_packages(recursive) using defaults
[0.446s] Level 5:colcon.colcon_core.verb:set package 'cpp_a_follow_turtle_pkg' build argument 'cmake_args' from command line to 'None'
[0.446s] Level 5:colcon.colcon_core.verb:set package 'cpp_a_follow_turtle_pkg' build argument 'cmake_target' from command line to 'None'
[0.446s] Level 5:colcon.colcon_core.verb:set package 'cpp_a_follow_turtle_pkg' build argument 'cmake_target_skip_unavailable' from command line to 'False'
[0.446s] Level 5:colcon.colcon_core.verb:set package 'cpp_a_follow_turtle_pkg' build argument 'cmake_clean_cache' from command line to 'False'
[0.446s] Level 5:colcon.colcon_core.verb:set package 'cpp_a_follow_turtle_pkg' build argument 'cmake_clean_first' from command line to 'False'
[0.446s] Level 5:colcon.colcon_core.verb:set package 'cpp_a_follow_turtle_pkg' build argument 'cmake_force_configure' from command line to 'False'
[0.446s] Level 5:colcon.colcon_core.verb:set package 'cpp_a_follow_turtle_pkg' build argument 'ament_cmake_args' from command line to 'None'
[0.446s] Level 5:colcon.colcon_core.verb:set package 'cpp_a_follow_turtle_pkg' build argument 'catkin_cmake_args' from command line to 'None'
[0.446s] Level 5:colcon.colcon_core.verb:set package 'cpp_a_follow_turtle_pkg' build argument 'catkin_skip_building_tests' from command line to 'False'
[0.446s] DEBUG:colcon.colcon_core.verb:Building package 'cpp_a_follow_turtle_pkg' with the following arguments: {'ament_cmake_args': None, 'build_base': '/home/ubuntu-ros2/robot_sim/src/cpp_a_follow_turtle_pkg/build/cpp_a_follow_turtle_pkg', 'catkin_cmake_args': None, 'catkin_skip_building_tests': False, 'cmake_args': None, 'cmake_clean_cache': False, 'cmake_clean_first': False, 'cmake_force_configure': False, 'cmake_target': None, 'cmake_target_skip_unavailable': False, 'install_base': '/home/ubuntu-ros2/robot_sim/src/cpp_a_follow_turtle_pkg/install/cpp_a_follow_turtle_pkg', 'merge_install': False, 'path': '/home/ubuntu-ros2/robot_sim/src/cpp_a_follow_turtle_pkg', 'symlink_install': False, 'test_result_base': None}
[0.447s] INFO:colcon.colcon_core.executor:Executing jobs using 'parallel' executor
[0.450s] DEBUG:colcon.colcon_parallel_executor.executor.parallel:run_until_complete
[0.450s] INFO:colcon.colcon_ros.task.ament_cmake.build:Building ROS package in '/home/ubuntu-ros2/robot_sim/src/cpp_a_follow_turtle_pkg' with build type 'ament_cmake'
[0.451s] INFO:colcon.colcon_cmake.task.cmake.build:Building CMake package in '/home/ubuntu-ros2/robot_sim/src/cpp_a_follow_turtle_pkg'
[0.456s] INFO:colcon.colcon_core.plugin_system:Skipping extension 'colcon_core.shell.bat': Not used on non-Windows systems
[0.456s] INFO:colcon.colcon_core.shell:Skip shell extension 'powershell' for command environment: Not usable outside of PowerShell
[0.456s] DEBUG:colcon.colcon_core.shell:Skip shell extension 'dsv' for command environment
[0.459s] DEBUG:colcon.colcon_core.shell:Ignoring prefix path '/opt/ros/rolling'
[0.476s] DEBUG:colcon.colcon_core.event_handler.log_command:Invoking command in '/home/ubuntu-ros2/robot_sim/src/cpp_a_follow_turtle_pkg/build/cpp_a_follow_turtle_pkg': CMAKE_PREFIX_PATH=/opt/ros/rolling /usr/bin/cmake --build /home/ubuntu-ros2/robot_sim/src/cpp_a_follow_turtle_pkg/build/cpp_a_follow_turtle_pkg -- -j8 -l8
[0.592s] DEBUG:colcon.colcon_core.event_handler.log_command:Invoked command in '/home/ubuntu-ros2/robot_sim/src/cpp_a_follow_turtle_pkg/build/cpp_a_follow_turtle_pkg' returned '0': CMAKE_PREFIX_PATH=/opt/ros/rolling /usr/bin/cmake --build /home/ubuntu-ros2/robot_sim/src/cpp_a_follow_turtle_pkg/build/cpp_a_follow_turtle_pkg -- -j8 -l8
[0.647s] DEBUG:colcon.colcon_core.event_handler.log_command:Invoking command in '/home/ubuntu-ros2/robot_sim/src/cpp_a_follow_turtle_pkg/build/cpp_a_follow_turtle_pkg': CMAKE_PREFIX_PATH=/opt/ros/rolling /usr/bin/cmake --install /home/ubuntu-ros2/robot_sim/src/cpp_a_follow_turtle_pkg/build/cpp_a_follow_turtle_pkg
[0.666s] Level 1:colcon.colcon_core.environment:create_environment_scripts_only(cpp_a_follow_turtle_pkg)
[0.668s] DEBUG:colcon.colcon_core.event_handler.log_command:Invoked command in '/home/ubuntu-ros2/robot_sim/src/cpp_a_follow_turtle_pkg/build/cpp_a_follow_turtle_pkg' returned '0': CMAKE_PREFIX_PATH=/opt/ros/rolling /usr/bin/cmake --install /home/ubuntu-ros2/robot_sim/src/cpp_a_follow_turtle_pkg/build/cpp_a_follow_turtle_pkg
[0.672s] Level 1:colcon.colcon_core.environment:checking '/home/ubuntu-ros2/robot_sim/src/cpp_a_follow_turtle_pkg/install/cpp_a_follow_turtle_pkg' for CMake module files
[0.672s] Level 1:colcon.colcon_core.environment:checking '/home/ubuntu-ros2/robot_sim/src/cpp_a_follow_turtle_pkg/install/cpp_a_follow_turtle_pkg' for CMake config files
[0.673s] Level 1:colcon.colcon_core.shell:create_environment_hook('cpp_a_follow_turtle_pkg', 'cmake_prefix_path')
[0.674s] INFO:colcon.colcon_core.shell:Creating environment hook '/home/ubuntu-ros2/robot_sim/src/cpp_a_follow_turtle_pkg/install/cpp_a_follow_turtle_pkg/share/cpp_a_follow_turtle_pkg/hook/cmake_prefix_path.ps1'
[0.675s] INFO:colcon.colcon_core.shell:Creating environment descriptor '/home/ubuntu-ros2/robot_sim/src/cpp_a_follow_turtle_pkg/install/cpp_a_follow_turtle_pkg/share/cpp_a_follow_turtle_pkg/hook/cmake_prefix_path.dsv'
[0.675s] INFO:colcon.colcon_core.shell:Creating environment hook '/home/ubuntu-ros2/robot_sim/src/cpp_a_follow_turtle_pkg/install/cpp_a_follow_turtle_pkg/share/cpp_a_follow_turtle_pkg/hook/cmake_prefix_path.sh'
[0.677s] Level 1:colcon.colcon_core.environment:checking '/home/ubuntu-ros2/robot_sim/src/cpp_a_follow_turtle_pkg/install/cpp_a_follow_turtle_pkg/lib'
[0.677s] Level 1:colcon.colcon_core.environment:checking '/home/ubuntu-ros2/robot_sim/src/cpp_a_follow_turtle_pkg/install/cpp_a_follow_turtle_pkg/bin'
[0.677s] Level 1:colcon.colcon_core.environment:checking '/home/ubuntu-ros2/robot_sim/src/cpp_a_follow_turtle_pkg/install/cpp_a_follow_turtle_pkg/lib/pkgconfig/cpp_a_follow_turtle_pkg.pc'
[0.678s] Level 1:colcon.colcon_core.environment:checking '/home/ubuntu-ros2/robot_sim/src/cpp_a_follow_turtle_pkg/install/cpp_a_follow_turtle_pkg/lib/python3.8/site-packages'
[0.679s] INFO:colcon.colcon_core.shell:Creating package script '/home/ubuntu-ros2/robot_sim/src/cpp_a_follow_turtle_pkg/install/cpp_a_follow_turtle_pkg/share/cpp_a_follow_turtle_pkg/package.ps1'
[0.680s] INFO:colcon.colcon_core.shell:Creating package descriptor '/home/ubuntu-ros2/robot_sim/src/cpp_a_follow_turtle_pkg/install/cpp_a_follow_turtle_pkg/share/cpp_a_follow_turtle_pkg/package.dsv'
[0.681s] INFO:colcon.colcon_core.shell:Creating package script '/home/ubuntu-ros2/robot_sim/src/cpp_a_follow_turtle_pkg/install/cpp_a_follow_turtle_pkg/share/cpp_a_follow_turtle_pkg/package.sh'
[0.682s] INFO:colcon.colcon_core.shell:Creating package script '/home/ubuntu-ros2/robot_sim/src/cpp_a_follow_turtle_pkg/install/cpp_a_follow_turtle_pkg/share/cpp_a_follow_turtle_pkg/package.bash'
[0.683s] INFO:colcon.colcon_core.shell:Creating package script '/home/ubuntu-ros2/robot_sim/src/cpp_a_follow_turtle_pkg/install/cpp_a_follow_turtle_pkg/share/cpp_a_follow_turtle_pkg/package.zsh'
[0.684s] Level 1:colcon.colcon_core.environment:create_file_with_runtime_dependencies(/home/ubuntu-ros2/robot_sim/src/cpp_a_follow_turtle_pkg/install/cpp_a_follow_turtle_pkg/share/colcon-core/packages/cpp_a_follow_turtle_pkg)
[0.723s] Level 1:colcon.colcon_core.environment:create_environment_scripts_only(cpp_a_follow_turtle_pkg)
[0.726s] Level 1:colcon.colcon_core.environment:checking '/home/ubuntu-ros2/robot_sim/src/cpp_a_follow_turtle_pkg/install/cpp_a_follow_turtle_pkg' for CMake module files
[0.728s] Level 1:colcon.colcon_core.environment:checking '/home/ubuntu-ros2/robot_sim/src/cpp_a_follow_turtle_pkg/install/cpp_a_follow_turtle_pkg' for CMake config files
[0.729s] Level 1:colcon.colcon_core.shell:create_environment_hook('cpp_a_follow_turtle_pkg', 'cmake_prefix_path')
[0.731s] INFO:colcon.colcon_core.shell:Creating environment hook '/home/ubuntu-ros2/robot_sim/src/cpp_a_follow_turtle_pkg/install/cpp_a_follow_turtle_pkg/share/cpp_a_follow_turtle_pkg/hook/cmake_prefix_path.ps1'
[0.731s] INFO:colcon.colcon_core.shell:Creating environment descriptor '/home/ubuntu-ros2/robot_sim/src/cpp_a_follow_turtle_pkg/install/cpp_a_follow_turtle_pkg/share/cpp_a_follow_turtle_pkg/hook/cmake_prefix_path.dsv'
[0.732s] INFO:colcon.colcon_core.shell:Creating environment hook '/home/ubuntu-ros2/robot_sim/src/cpp_a_follow_turtle_pkg/install/cpp_a_follow_turtle_pkg/share/cpp_a_follow_turtle_pkg/hook/cmake_prefix_path.sh'
[0.733s] Level 1:colcon.colcon_core.environment:checking '/home/ubuntu-ros2/robot_sim/src/cpp_a_follow_turtle_pkg/install/cpp_a_follow_turtle_pkg/lib'
[0.733s] Level 1:colcon.colcon_core.environment:checking '/home/ubuntu-ros2/robot_sim/src/cpp_a_follow_turtle_pkg/install/cpp_a_follow_turtle_pkg/bin'
[0.733s] Level 1:colcon.colcon_core.environment:checking '/home/ubuntu-ros2/robot_sim/src/cpp_a_follow_turtle_pkg/install/cpp_a_follow_turtle_pkg/lib/pkgconfig/cpp_a_follow_turtle_pkg.pc'
[0.733s] Level 1:colcon.colcon_core.environment:checking '/home/ubuntu-ros2/robot_sim/src/cpp_a_follow_turtle_pkg/install/cpp_a_follow_turtle_pkg/lib/python3.8/site-packages'
[0.735s] INFO:colcon.colcon_core.shell:Creating package script '/home/ubuntu-ros2/robot_sim/src/cpp_a_follow_turtle_pkg/install/cpp_a_follow_turtle_pkg/share/cpp_a_follow_turtle_pkg/package.ps1'
[0.735s] INFO:colcon.colcon_core.shell:Creating package descriptor '/home/ubuntu-ros2/robot_sim/src/cpp_a_follow_turtle_pkg/install/cpp_a_follow_turtle_pkg/share/cpp_a_follow_turtle_pkg/package.dsv'
[0.736s] INFO:colcon.colcon_core.shell:Creating package script '/home/ubuntu-ros2/robot_sim/src/cpp_a_follow_turtle_pkg/install/cpp_a_follow_turtle_pkg/share/cpp_a_follow_turtle_pkg/package.sh'
[0.737s] INFO:colcon.colcon_core.shell:Creating package script '/home/ubuntu-ros2/robot_sim/src/cpp_a_follow_turtle_pkg/install/cpp_a_follow_turtle_pkg/share/cpp_a_follow_turtle_pkg/package.bash'
[0.737s] INFO:colcon.colcon_core.shell:Creating package script '/home/ubuntu-ros2/robot_sim/src/cpp_a_follow_turtle_pkg/install/cpp_a_follow_turtle_pkg/share/cpp_a_follow_turtle_pkg/package.zsh'
[0.738s] Level 1:colcon.colcon_core.environment:create_file_with_runtime_dependencies(/home/ubuntu-ros2/robot_sim/src/cpp_a_follow_turtle_pkg/install/cpp_a_follow_turtle_pkg/share/colcon-core/packages/cpp_a_follow_turtle_pkg)
[0.738s] DEBUG:colcon.colcon_parallel_executor.executor.parallel:closing loop
[0.739s] DEBUG:colcon.colcon_parallel_executor.executor.parallel:loop closed
[0.739s] DEBUG:colcon.colcon_parallel_executor.executor.parallel:run_until_complete finished with '0'
[0.739s] DEBUG:colcon.colcon_core.event_reactor:joining thread
[0.753s] INFO:colcon.colcon_core.plugin_system:Skipping extension 'colcon_notification.desktop_notification.terminal_notifier': Not used on non-Darwin systems
[0.753s] INFO:colcon.colcon_core.plugin_system:Skipping extension 'colcon_notification.desktop_notification.win32': Not used on non-Windows systems
[0.753s] INFO:colcon.colcon_notification.desktop_notification:Sending desktop notification using 'notify2'
[0.785s] DEBUG:colcon.colcon_core.event_reactor:joined thread
[0.787s] INFO:colcon.colcon_core.shell:Creating prefix script '/home/ubuntu-ros2/robot_sim/src/cpp_a_follow_turtle_pkg/install/local_setup.ps1'
[0.790s] INFO:colcon.colcon_core.shell:Creating prefix util module '/home/ubuntu-ros2/robot_sim/src/cpp_a_follow_turtle_pkg/install/_local_setup_util_ps1.py'
[0.793s] INFO:colcon.colcon_core.shell:Creating prefix chain script '/home/ubuntu-ros2/robot_sim/src/cpp_a_follow_turtle_pkg/install/setup.ps1'
[0.798s] INFO:colcon.colcon_core.shell:Creating prefix script '/home/ubuntu-ros2/robot_sim/src/cpp_a_follow_turtle_pkg/install/local_setup.sh'
[0.799s] INFO:colcon.colcon_core.shell:Creating prefix util module '/home/ubuntu-ros2/robot_sim/src/cpp_a_follow_turtle_pkg/install/_local_setup_util_sh.py'
[0.800s] INFO:colcon.colcon_core.shell:Creating prefix chain script '/home/ubuntu-ros2/robot_sim/src/cpp_a_follow_turtle_pkg/install/setup.sh'
[0.803s] INFO:colcon.colcon_core.shell:Creating prefix script '/home/ubuntu-ros2/robot_sim/src/cpp_a_follow_turtle_pkg/install/local_setup.bash'
[0.804s] INFO:colcon.colcon_core.shell:Creating prefix chain script '/home/ubuntu-ros2/robot_sim/src/cpp_a_follow_turtle_pkg/install/setup.bash'
[0.808s] INFO:colcon.colcon_core.shell:Creating prefix script '/home/ubuntu-ros2/robot_sim/src/cpp_a_follow_turtle_pkg/install/local_setup.zsh'
[0.809s] INFO:colcon.colcon_core.shell:Creating prefix chain script '/home/ubuntu-ros2/robot_sim/src/cpp_a_follow_turtle_pkg/install/setup.zsh'
