[0.025s] Invoking command in '/home/ubuntu-ros2/robot_sim/src/cpp_a_follow_turtle_pkg/build/cpp_a_follow_turtle_pkg': CMAKE_PREFIX_PATH=/opt/ros/rolling /usr/bin/cmake --build /home/ubuntu-ros2/robot_sim/src/cpp_a_follow_turtle_pkg/build/cpp_a_follow_turtle_pkg -- -j8 -l8
[0.122s] [ 50%] Built target turtle_spawner
[0.131s] [100%] Built target turtle_pub
[0.152s] Invoked command in '/home/ubuntu-ros2/robot_sim/src/cpp_a_follow_turtle_pkg/build/cpp_a_follow_turtle_pkg' returned '0': CMAKE_PREFIX_PATH=/opt/ros/rolling /usr/bin/cmake --build /home/ubuntu-ros2/robot_sim/src/cpp_a_follow_turtle_pkg/build/cpp_a_follow_turtle_pkg -- -j8 -l8
[0.220s] Invoking command in '/home/ubuntu-ros2/robot_sim/src/cpp_a_follow_turtle_pkg/build/cpp_a_follow_turtle_pkg': CMAKE_PREFIX_PATH=/opt/ros/rolling /usr/bin/cmake --install /home/ubuntu-ros2/robot_sim/src/cpp_a_follow_turtle_pkg/build/cpp_a_follow_turtle_pkg
[0.231s] -- Install configuration: ""
[0.231s] -- Up-to-date: /home/ubuntu-ros2/robot_sim/src/cpp_a_follow_turtle_pkg/install/cpp_a_follow_turtle_pkg/lib/cpp_a_follow_turtle_pkg/turtle_spawner
[0.232s] -- Up-to-date: /home/ubuntu-ros2/robot_sim/src/cpp_a_follow_turtle_pkg/install/cpp_a_follow_turtle_pkg/lib/cpp_a_follow_turtle_pkg/turtle_pub
[0.232s] -- Up-to-date: /home/ubuntu-ros2/robot_sim/src/cpp_a_follow_turtle_pkg/install/cpp_a_follow_turtle_pkg/share/cpp_a_follow_turtle_pkg//launch
[0.232s] -- Installing: /home/ubuntu-ros2/robot_sim/src/cpp_a_follow_turtle_pkg/install/cpp_a_follow_turtle_pkg/share/cpp_a_follow_turtle_pkg//launch/follow_turtle.launch.py
[0.233s] -- Up-to-date: /home/ubuntu-ros2/robot_sim/src/cpp_a_follow_turtle_pkg/install/cpp_a_follow_turtle_pkg/share/ament_index/resource_index/package_run_dependencies/cpp_a_follow_turtle_pkg
[0.233s] -- Up-to-date: /home/ubuntu-ros2/robot_sim/src/cpp_a_follow_turtle_pkg/install/cpp_a_follow_turtle_pkg/share/ament_index/resource_index/parent_prefix_path/cpp_a_follow_turtle_pkg
[0.233s] -- Up-to-date: /home/ubuntu-ros2/robot_sim/src/cpp_a_follow_turtle_pkg/install/cpp_a_follow_turtle_pkg/share/cpp_a_follow_turtle_pkg/environment/ament_prefix_path.sh
[0.234s] -- Up-to-date: /home/ubuntu-ros2/robot_sim/src/cpp_a_follow_turtle_pkg/install/cpp_a_follow_turtle_pkg/share/cpp_a_follow_turtle_pkg/environment/ament_prefix_path.dsv
[0.234s] -- Up-to-date: /home/ubuntu-ros2/robot_sim/src/cpp_a_follow_turtle_pkg/install/cpp_a_follow_turtle_pkg/share/cpp_a_follow_turtle_pkg/environment/path.sh
[0.235s] -- Up-to-date: /home/ubuntu-ros2/robot_sim/src/cpp_a_follow_turtle_pkg/install/cpp_a_follow_turtle_pkg/share/cpp_a_follow_turtle_pkg/environment/path.dsv
[0.236s] -- Up-to-date: /home/ubuntu-ros2/robot_sim/src/cpp_a_follow_turtle_pkg/install/cpp_a_follow_turtle_pkg/share/cpp_a_follow_turtle_pkg/local_setup.bash
[0.237s] -- Up-to-date: /home/ubuntu-ros2/robot_sim/src/cpp_a_follow_turtle_pkg/install/cpp_a_follow_turtle_pkg/share/cpp_a_follow_turtle_pkg/local_setup.sh
[0.237s] -- Up-to-date: /home/ubuntu-ros2/robot_sim/src/cpp_a_follow_turtle_pkg/install/cpp_a_follow_turtle_pkg/share/cpp_a_follow_turtle_pkg/local_setup.zsh
[0.237s] -- Up-to-date: /home/ubuntu-ros2/robot_sim/src/cpp_a_follow_turtle_pkg/install/cpp_a_follow_turtle_pkg/share/cpp_a_follow_turtle_pkg/local_setup.dsv
[0.237s] -- Installing: /home/ubuntu-ros2/robot_sim/src/cpp_a_follow_turtle_pkg/install/cpp_a_follow_turtle_pkg/share/cpp_a_follow_turtle_pkg/package.dsv
[0.237s] -- Up-to-date: /home/ubuntu-ros2/robot_sim/src/cpp_a_follow_turtle_pkg/install/cpp_a_follow_turtle_pkg/share/ament_index/resource_index/packages/cpp_a_follow_turtle_pkg
[0.238s] -- Up-to-date: /home/ubuntu-ros2/robot_sim/src/cpp_a_follow_turtle_pkg/install/cpp_a_follow_turtle_pkg/share/cpp_a_follow_turtle_pkg/cmake/cpp_a_follow_turtle_pkgConfig.cmake
[0.238s] -- Up-to-date: /home/ubuntu-ros2/robot_sim/src/cpp_a_follow_turtle_pkg/install/cpp_a_follow_turtle_pkg/share/cpp_a_follow_turtle_pkg/cmake/cpp_a_follow_turtle_pkgConfig-version.cmake
[0.238s] -- Up-to-date: /home/ubuntu-ros2/robot_sim/src/cpp_a_follow_turtle_pkg/install/cpp_a_follow_turtle_pkg/share/cpp_a_follow_turtle_pkg/package.xml
[0.238s] Invoked command in '/home/ubuntu-ros2/robot_sim/src/cpp_a_follow_turtle_pkg/build/cpp_a_follow_turtle_pkg' returned '0': CMAKE_PREFIX_PATH=/opt/ros/rolling /usr/bin/cmake --install /home/ubuntu-ros2/robot_sim/src/cpp_a_follow_turtle_pkg/build/cpp_a_follow_turtle_pkg
