[0.000000] (-) TimerEvent: {}
[0.000509] (cpp_a_follow_turtle_pkg) JobQueued: {'identifier': 'cpp_a_follow_turtle_pkg', 'dependencies': OrderedDict()}
[0.000820] (cpp_a_follow_turtle_pkg) JobStarted: {'identifier': 'cpp_a_follow_turtle_pkg'}
[0.015846] (cpp_a_follow_turtle_pkg) JobProgress: {'identifier': 'cpp_a_follow_turtle_pkg', 'progress': 'cmake'}
[0.016712] (cpp_a_follow_turtle_pkg) JobProgress: {'identifier': 'cpp_a_follow_turtle_pkg', 'progress': 'build'}
[0.019023] (cpp_a_follow_turtle_pkg) Command: {'cmd': ['/usr/bin/cmake', '--build', '/home/ubuntu-ros2/robot_sim/src/cpp_a_follow_turtle_pkg/build/cpp_a_follow_turtle_pkg', '--', '-j8', '-l8'], 'cwd': '/home/ubuntu-ros2/robot_sim/src/cpp_a_follow_turtle_pkg/build/cpp_a_follow_turtle_pkg', 'env': OrderedDict([('LESSOPEN', '| /usr/bin/lesspipe %s'), ('USER', 'ubuntu-ros2'), ('LC_TIME', 'zh_CN.UTF-8'), ('SSH_AGENT_PID', '1800'), ('XDG_SESSION_TYPE', 'x11'), ('GIT_ASKPASS', '/snap/code/71/usr/share/code/resources/app/extensions/git/dist/askpass.sh'), ('SHLVL', '0'), ('LD_LIBRARY_PATH', '/usr/lib/x86_64-linux-gnu/gazebo-11/plugins:/opt/ros/rolling/opt/yaml_cpp_vendor/lib:/opt/ros/rolling/opt/rviz_ogre_vendor/lib:/opt/ros/rolling/lib/x86_64-linux-gnu:/opt/ros/rolling/lib'), ('QT4_IM_MODULE', 'fcitx'), ('HOME', '/home/ubuntu-ros2'), ('CHROME_DESKTOP', 'code-url-handler.desktop'), ('TERM_PROGRAM_VERSION', '1.59.0'), ('DESKTOP_SESSION', 'ubuntu'), ('GIO_LAUNCHED_DESKTOP_FILE', '/var/lib/snapd/desktop/applications/code_code.desktop'), ('APPLICATION_INSIGHTS_NO_DIAGNOSTIC_CHANNEL', 'true'), ('ROS_PYTHON_VERSION', '3'), ('GNOME_SHELL_SESSION_MODE', 'ubuntu'), ('GTK_MODULES', 'gail:atk-bridge'), ('VSCODE_GIT_ASKPASS_MAIN', '/snap/code/71/usr/share/code/resources/app/extensions/git/dist/askpass-main.js'), ('LC_MONETARY', 'zh_CN.UTF-8'), ('VSCODE_GIT_ASKPASS_NODE', '/snap/code/71/usr/share/code/code'), ('ROS_IP', '192.168.43.8'), ('MANAGERPID', '1609'), ('DBUS_STARTER_BUS_TYPE', 'session'), ('DBUS_SESSION_BUS_ADDRESS', 'unix:path=/run/user/1000/bus,guid=9af7c7c9c460f1aeb0c237416119c8c2'), ('COLORTERM', 'truecolor'), ('GIO_LAUNCHED_DESKTOP_FILE_PID', '22094'), ('IM_CONFIG_PHASE', '1'), ('ROS_DISTRO', 'rolling'), ('GTK_IM_MODULE', 'fcitx'), ('LOGNAME', 'ubuntu-ros2'), ('_', '/usr/bin/colcon'), ('JOURNAL_STREAM', '8:46694'), ('ROS_VERSION', '2'), ('XDG_SESSION_CLASS', 'user'), ('USERNAME', 'ubuntu-ros2'), ('TERM', 'xterm-256color'), ('GNOME_DESKTOP_SESSION_ID', 'this-is-deprecated'), ('ROS_LOCALHOST_ONLY', '0'), ('WINDOWPATH', '2'), ('PATH', '/opt/ros/rolling/bin:/usr/local/sbin:/usr/local/bin:/usr/sbin:/usr/bin:/sbin:/bin'), ('SESSION_MANAGER', 'local/ubunturos2-NBLK-WAX9X:@/tmp/.ICE-unix/1874,unix/ubunturos2-NBLK-WAX9X:/tmp/.ICE-unix/1874'), ('INVOCATION_ID', '1a8e9e3ee895474491aed625f5f3ea94'), ('XDG_MENU_PREFIX', 'gnome-'), ('LC_ADDRESS', 'zh_CN.UTF-8'), ('BAMF_DESKTOP_FILE_HINT', '/var/lib/snapd/desktop/applications/code_code.desktop'), ('XDG_RUNTIME_DIR', '/run/user/1000'), ('GDK_BACKEND', 'x11'), ('DISPLAY', ':0'), ('LANG', 'en_US.UTF-8'), ('XDG_CURRENT_DESKTOP', 'Unity'), ('LC_TELEPHONE', 'zh_CN.UTF-8'), ('XMODIFIERS', '@im=fcitx'), ('XDG_SESSION_DESKTOP', 'ubuntu'), ('XAUTHORITY', '/run/user/1000/gdm/Xauthority'), ('VSCODE_GIT_IPC_HANDLE', '/run/user/1000/vscode-git-fd3d5c4d93.sock'), ('TERM_PROGRAM', 'vscode'), ('SSH_AUTH_SOCK', '/run/user/1000/keyring/ssh'), ('GSETTINGS_SCHEMA_DIR', '/snap/code/71/usr/share/glib-2.0/schemas'), ('AMENT_PREFIX_PATH', '/opt/ros/rolling'), ('ORIGINAL_XDG_CURRENT_DESKTOP', 'ubuntu:GNOME'), ('SHELL', '/bin/bash'), ('LC_NAME', 'zh_CN.UTF-8'), ('DISABLE_WAYLAND', '1'), ('QT_ACCESSIBILITY', '1'), ('NO_AT_BRIDGE', '1'), ('ROS_MASTER_URI', 'http://192.168.43.41:11311'), ('GDMSESSION', 'ubuntu'), ('LESSCLOSE', '/usr/bin/lesspipe %s %s'), ('LC_MEASUREMENT', 'zh_CN.UTF-8'), ('GPG_AGENT_INFO', '/run/user/1000/gnupg/S.gpg-agent:0:1'), ('LC_IDENTIFICATION', 'zh_CN.UTF-8'), ('QT_IM_MODULE', 'fcitx'), ('PWD', '/home/ubuntu-ros2/robot_sim/src/cpp_a_follow_turtle_pkg/build/cpp_a_follow_turtle_pkg'), ('LC_ALL', 'en_US.UTF-8'), ('XDG_CONFIG_DIRS', '/etc/xdg/xdg-ubuntu:/etc/xdg'), ('CLUTTER_IM_MODULE', 'fcitx'), ('DBUS_STARTER_ADDRESS', 'unix:path=/run/user/1000/bus,guid=9af7c7c9c460f1aeb0c237416119c8c2'), ('XDG_DATA_DIRS', '/usr/share/ubuntu:/usr/local/share/:/usr/share/:/var/lib/snapd/desktop'), ('PYTHONPATH', '/opt/ros/rolling/lib/python3.8/site-packages'), ('LC_NUMERIC', 'zh_CN.UTF-8'), ('BREAKPAD_DUMP_LOCATION', '/home/ubuntu-ros2/.config/Code/exthost Crash Reports'), ('LC_PAPER', 'zh_CN.UTF-8'), ('COLCON', '1'), ('CMAKE_PREFIX_PATH', '/opt/ros/rolling')]), 'shell': False}
[0.078165] (cpp_a_follow_turtle_pkg) StdoutLine: {'line': b'\x1b[35m\x1b[1mScanning dependencies of target turtle_spawner\x1b[0m\n'}
[0.099698] (-) TimerEvent: {}
[0.101793] (cpp_a_follow_turtle_pkg) StdoutLine: {'line': b'[ 50%] Built target turtle_pub\n'}
[0.115526] (cpp_a_follow_turtle_pkg) StdoutLine: {'line': b'[ 75%] \x1b[32mBuilding CXX object CMakeFiles/turtle_spawner.dir/src/new_turtle_spawner.cpp.o\x1b[0m\n'}
[0.199824] (-) TimerEvent: {}
[0.300323] (-) TimerEvent: {}
[0.400856] (-) TimerEvent: {}
[0.501245] (-) TimerEvent: {}
[0.601723] (-) TimerEvent: {}
[0.702204] (-) TimerEvent: {}
[0.802696] (-) TimerEvent: {}
[0.903155] (-) TimerEvent: {}
[1.003633] (-) TimerEvent: {}
[1.104100] (-) TimerEvent: {}
[1.204544] (-) TimerEvent: {}
[1.304958] (-) TimerEvent: {}
[1.405389] (-) TimerEvent: {}
[1.505864] (-) TimerEvent: {}
[1.606280] (-) TimerEvent: {}
[1.706768] (-) TimerEvent: {}
[1.807203] (-) TimerEvent: {}
[1.907608] (-) TimerEvent: {}
[2.008017] (-) TimerEvent: {}
[2.108435] (-) TimerEvent: {}
[2.208856] (-) TimerEvent: {}
[2.309289] (-) TimerEvent: {}
[2.409786] (-) TimerEvent: {}
[2.510272] (-) TimerEvent: {}
[2.610749] (-) TimerEvent: {}
[2.711296] (-) TimerEvent: {}
[2.811739] (-) TimerEvent: {}
[2.912155] (-) TimerEvent: {}
[3.012554] (-) TimerEvent: {}
[3.112958] (-) TimerEvent: {}
[3.213495] (-) TimerEvent: {}
[3.313966] (-) TimerEvent: {}
[3.414429] (-) TimerEvent: {}
[3.514858] (-) TimerEvent: {}
[3.615261] (-) TimerEvent: {}
[3.715654] (-) TimerEvent: {}
[3.816061] (-) TimerEvent: {}
[3.865596] (cpp_a_follow_turtle_pkg) StdoutLine: {'line': b'[100%] \x1b[32m\x1b[1mLinking CXX executable turtle_spawner\x1b[0m\n'}
[3.916194] (-) TimerEvent: {}
[4.016641] (-) TimerEvent: {}
[4.070686] (cpp_a_follow_turtle_pkg) StdoutLine: {'line': b'[100%] Built target turtle_spawner\n'}
[4.089012] (cpp_a_follow_turtle_pkg) CommandEnded: {'returncode': 0}
[4.116827] (-) TimerEvent: {}
[4.130618] (cpp_a_follow_turtle_pkg) JobProgress: {'identifier': 'cpp_a_follow_turtle_pkg', 'progress': 'install'}
[4.151626] (cpp_a_follow_turtle_pkg) Command: {'cmd': ['/usr/bin/cmake', '--install', '/home/ubuntu-ros2/robot_sim/src/cpp_a_follow_turtle_pkg/build/cpp_a_follow_turtle_pkg'], 'cwd': '/home/ubuntu-ros2/robot_sim/src/cpp_a_follow_turtle_pkg/build/cpp_a_follow_turtle_pkg', 'env': OrderedDict([('LESSOPEN', '| /usr/bin/lesspipe %s'), ('USER', 'ubuntu-ros2'), ('LC_TIME', 'zh_CN.UTF-8'), ('SSH_AGENT_PID', '1800'), ('XDG_SESSION_TYPE', 'x11'), ('GIT_ASKPASS', '/snap/code/71/usr/share/code/resources/app/extensions/git/dist/askpass.sh'), ('SHLVL', '0'), ('LD_LIBRARY_PATH', '/usr/lib/x86_64-linux-gnu/gazebo-11/plugins:/opt/ros/rolling/opt/yaml_cpp_vendor/lib:/opt/ros/rolling/opt/rviz_ogre_vendor/lib:/opt/ros/rolling/lib/x86_64-linux-gnu:/opt/ros/rolling/lib'), ('QT4_IM_MODULE', 'fcitx'), ('HOME', '/home/ubuntu-ros2'), ('CHROME_DESKTOP', 'code-url-handler.desktop'), ('TERM_PROGRAM_VERSION', '1.59.0'), ('DESKTOP_SESSION', 'ubuntu'), ('GIO_LAUNCHED_DESKTOP_FILE', '/var/lib/snapd/desktop/applications/code_code.desktop'), ('APPLICATION_INSIGHTS_NO_DIAGNOSTIC_CHANNEL', 'true'), ('ROS_PYTHON_VERSION', '3'), ('GNOME_SHELL_SESSION_MODE', 'ubuntu'), ('GTK_MODULES', 'gail:atk-bridge'), ('VSCODE_GIT_ASKPASS_MAIN', '/snap/code/71/usr/share/code/resources/app/extensions/git/dist/askpass-main.js'), ('LC_MONETARY', 'zh_CN.UTF-8'), ('VSCODE_GIT_ASKPASS_NODE', '/snap/code/71/usr/share/code/code'), ('ROS_IP', '192.168.43.8'), ('MANAGERPID', '1609'), ('DBUS_STARTER_BUS_TYPE', 'session'), ('DBUS_SESSION_BUS_ADDRESS', 'unix:path=/run/user/1000/bus,guid=9af7c7c9c460f1aeb0c237416119c8c2'), ('COLORTERM', 'truecolor'), ('GIO_LAUNCHED_DESKTOP_FILE_PID', '22094'), ('IM_CONFIG_PHASE', '1'), ('ROS_DISTRO', 'rolling'), ('GTK_IM_MODULE', 'fcitx'), ('LOGNAME', 'ubuntu-ros2'), ('_', '/usr/bin/colcon'), ('JOURNAL_STREAM', '8:46694'), ('ROS_VERSION', '2'), ('XDG_SESSION_CLASS', 'user'), ('USERNAME', 'ubuntu-ros2'), ('TERM', 'xterm-256color'), ('GNOME_DESKTOP_SESSION_ID', 'this-is-deprecated'), ('ROS_LOCALHOST_ONLY', '0'), ('WINDOWPATH', '2'), ('PATH', '/opt/ros/rolling/bin:/usr/local/sbin:/usr/local/bin:/usr/sbin:/usr/bin:/sbin:/bin'), ('SESSION_MANAGER', 'local/ubunturos2-NBLK-WAX9X:@/tmp/.ICE-unix/1874,unix/ubunturos2-NBLK-WAX9X:/tmp/.ICE-unix/1874'), ('INVOCATION_ID', '1a8e9e3ee895474491aed625f5f3ea94'), ('XDG_MENU_PREFIX', 'gnome-'), ('LC_ADDRESS', 'zh_CN.UTF-8'), ('BAMF_DESKTOP_FILE_HINT', '/var/lib/snapd/desktop/applications/code_code.desktop'), ('XDG_RUNTIME_DIR', '/run/user/1000'), ('GDK_BACKEND', 'x11'), ('DISPLAY', ':0'), ('LANG', 'en_US.UTF-8'), ('XDG_CURRENT_DESKTOP', 'Unity'), ('LC_TELEPHONE', 'zh_CN.UTF-8'), ('XMODIFIERS', '@im=fcitx'), ('XDG_SESSION_DESKTOP', 'ubuntu'), ('XAUTHORITY', '/run/user/1000/gdm/Xauthority'), ('VSCODE_GIT_IPC_HANDLE', '/run/user/1000/vscode-git-fd3d5c4d93.sock'), ('TERM_PROGRAM', 'vscode'), ('SSH_AUTH_SOCK', '/run/user/1000/keyring/ssh'), ('GSETTINGS_SCHEMA_DIR', '/snap/code/71/usr/share/glib-2.0/schemas'), ('AMENT_PREFIX_PATH', '/opt/ros/rolling'), ('ORIGINAL_XDG_CURRENT_DESKTOP', 'ubuntu:GNOME'), ('SHELL', '/bin/bash'), ('LC_NAME', 'zh_CN.UTF-8'), ('DISABLE_WAYLAND', '1'), ('QT_ACCESSIBILITY', '1'), ('NO_AT_BRIDGE', '1'), ('ROS_MASTER_URI', 'http://192.168.43.41:11311'), ('GDMSESSION', 'ubuntu'), ('LESSCLOSE', '/usr/bin/lesspipe %s %s'), ('LC_MEASUREMENT', 'zh_CN.UTF-8'), ('GPG_AGENT_INFO', '/run/user/1000/gnupg/S.gpg-agent:0:1'), ('LC_IDENTIFICATION', 'zh_CN.UTF-8'), ('QT_IM_MODULE', 'fcitx'), ('PWD', '/home/ubuntu-ros2/robot_sim/src/cpp_a_follow_turtle_pkg/build/cpp_a_follow_turtle_pkg'), ('LC_ALL', 'en_US.UTF-8'), ('XDG_CONFIG_DIRS', '/etc/xdg/xdg-ubuntu:/etc/xdg'), ('CLUTTER_IM_MODULE', 'fcitx'), ('DBUS_STARTER_ADDRESS', 'unix:path=/run/user/1000/bus,guid=9af7c7c9c460f1aeb0c237416119c8c2'), ('XDG_DATA_DIRS', '/usr/share/ubuntu:/usr/local/share/:/usr/share/:/var/lib/snapd/desktop'), ('PYTHONPATH', '/opt/ros/rolling/lib/python3.8/site-packages'), ('LC_NUMERIC', 'zh_CN.UTF-8'), ('BREAKPAD_DUMP_LOCATION', '/home/ubuntu-ros2/.config/Code/exthost Crash Reports'), ('LC_PAPER', 'zh_CN.UTF-8'), ('COLCON', '1'), ('CMAKE_PREFIX_PATH', '/opt/ros/rolling')]), 'shell': False}
[4.167483] (cpp_a_follow_turtle_pkg) StdoutLine: {'line': b'-- Install configuration: ""\n'}
[4.168045] (cpp_a_follow_turtle_pkg) StdoutLine: {'line': b'-- Installing: /home/ubuntu-ros2/robot_sim/src/cpp_a_follow_turtle_pkg/install/cpp_a_follow_turtle_pkg/lib/cpp_a_follow_turtle_pkg/turtle_spawner\n'}
[4.168514] (cpp_a_follow_turtle_pkg) StdoutLine: {'line': b'-- Set runtime path of "/home/ubuntu-ros2/robot_sim/src/cpp_a_follow_turtle_pkg/install/cpp_a_follow_turtle_pkg/lib/cpp_a_follow_turtle_pkg/turtle_spawner" to ""\n'}
[4.168866] (cpp_a_follow_turtle_pkg) StdoutLine: {'line': b'-- Up-to-date: /home/ubuntu-ros2/robot_sim/src/cpp_a_follow_turtle_pkg/install/cpp_a_follow_turtle_pkg/lib/cpp_a_follow_turtle_pkg/turtle_pub\n'}
[4.169206] (cpp_a_follow_turtle_pkg) StdoutLine: {'line': b'-- Up-to-date: /home/ubuntu-ros2/robot_sim/src/cpp_a_follow_turtle_pkg/install/cpp_a_follow_turtle_pkg/share/cpp_a_follow_turtle_pkg//launch\n'}
[4.169584] (cpp_a_follow_turtle_pkg) StdoutLine: {'line': b'-- Up-to-date: /home/ubuntu-ros2/robot_sim/src/cpp_a_follow_turtle_pkg/install/cpp_a_follow_turtle_pkg/share/cpp_a_follow_turtle_pkg//launch/follow_turtle.launch.py\n'}
[4.169929] (cpp_a_follow_turtle_pkg) StdoutLine: {'line': b'-- Up-to-date: /home/ubuntu-ros2/robot_sim/src/cpp_a_follow_turtle_pkg/install/cpp_a_follow_turtle_pkg/share/ament_index/resource_index/package_run_dependencies/cpp_a_follow_turtle_pkg\n'}
[4.170301] (cpp_a_follow_turtle_pkg) StdoutLine: {'line': b'-- Up-to-date: /home/ubuntu-ros2/robot_sim/src/cpp_a_follow_turtle_pkg/install/cpp_a_follow_turtle_pkg/share/ament_index/resource_index/parent_prefix_path/cpp_a_follow_turtle_pkg\n'}
[4.170660] (cpp_a_follow_turtle_pkg) StdoutLine: {'line': b'-- Up-to-date: /home/ubuntu-ros2/robot_sim/src/cpp_a_follow_turtle_pkg/install/cpp_a_follow_turtle_pkg/share/cpp_a_follow_turtle_pkg/environment/ament_prefix_path.sh\n'}
[4.170967] (cpp_a_follow_turtle_pkg) StdoutLine: {'line': b'-- Up-to-date: /home/ubuntu-ros2/robot_sim/src/cpp_a_follow_turtle_pkg/install/cpp_a_follow_turtle_pkg/share/cpp_a_follow_turtle_pkg/environment/ament_prefix_path.dsv\n'}
[4.171252] (cpp_a_follow_turtle_pkg) StdoutLine: {'line': b'-- Up-to-date: /home/ubuntu-ros2/robot_sim/src/cpp_a_follow_turtle_pkg/install/cpp_a_follow_turtle_pkg/share/cpp_a_follow_turtle_pkg/environment/path.sh\n'}
[4.171903] (cpp_a_follow_turtle_pkg) StdoutLine: {'line': b'-- Up-to-date: /home/ubuntu-ros2/robot_sim/src/cpp_a_follow_turtle_pkg/install/cpp_a_follow_turtle_pkg/share/cpp_a_follow_turtle_pkg/environment/path.dsv\n'}
[4.174501] (cpp_a_follow_turtle_pkg) StdoutLine: {'line': b'-- Up-to-date: /home/ubuntu-ros2/robot_sim/src/cpp_a_follow_turtle_pkg/install/cpp_a_follow_turtle_pkg/share/cpp_a_follow_turtle_pkg/local_setup.bash\n'}
[4.175025] (cpp_a_follow_turtle_pkg) StdoutLine: {'line': b'-- Up-to-date: /home/ubuntu-ros2/robot_sim/src/cpp_a_follow_turtle_pkg/install/cpp_a_follow_turtle_pkg/share/cpp_a_follow_turtle_pkg/local_setup.sh\n'}
[4.175580] (cpp_a_follow_turtle_pkg) StdoutLine: {'line': b'-- Up-to-date: /home/ubuntu-ros2/robot_sim/src/cpp_a_follow_turtle_pkg/install/cpp_a_follow_turtle_pkg/share/cpp_a_follow_turtle_pkg/local_setup.zsh\n'}
[4.176078] (cpp_a_follow_turtle_pkg) StdoutLine: {'line': b'-- Up-to-date: /home/ubuntu-ros2/robot_sim/src/cpp_a_follow_turtle_pkg/install/cpp_a_follow_turtle_pkg/share/cpp_a_follow_turtle_pkg/local_setup.dsv\n'}
[4.176576] (cpp_a_follow_turtle_pkg) StdoutLine: {'line': b'-- Installing: /home/ubuntu-ros2/robot_sim/src/cpp_a_follow_turtle_pkg/install/cpp_a_follow_turtle_pkg/share/cpp_a_follow_turtle_pkg/package.dsv\n'}
[4.177268] (cpp_a_follow_turtle_pkg) StdoutLine: {'line': b'-- Up-to-date: /home/ubuntu-ros2/robot_sim/src/cpp_a_follow_turtle_pkg/install/cpp_a_follow_turtle_pkg/share/ament_index/resource_index/packages/cpp_a_follow_turtle_pkg\n'}
[4.177639] (cpp_a_follow_turtle_pkg) StdoutLine: {'line': b'-- Up-to-date: /home/ubuntu-ros2/robot_sim/src/cpp_a_follow_turtle_pkg/install/cpp_a_follow_turtle_pkg/share/cpp_a_follow_turtle_pkg/cmake/cpp_a_follow_turtle_pkgConfig.cmake\n'}
[4.178744] (cpp_a_follow_turtle_pkg) StdoutLine: {'line': b'-- Up-to-date: /home/ubuntu-ros2/robot_sim/src/cpp_a_follow_turtle_pkg/install/cpp_a_follow_turtle_pkg/share/cpp_a_follow_turtle_pkg/cmake/cpp_a_follow_turtle_pkgConfig-version.cmake\n'}
[4.179116] (cpp_a_follow_turtle_pkg) StdoutLine: {'line': b'-- Up-to-date: /home/ubuntu-ros2/robot_sim/src/cpp_a_follow_turtle_pkg/install/cpp_a_follow_turtle_pkg/share/cpp_a_follow_turtle_pkg/package.xml\n'}
[4.179593] (cpp_a_follow_turtle_pkg) CommandEnded: {'returncode': 0}
[4.216990] (-) TimerEvent: {}
[4.254038] (cpp_a_follow_turtle_pkg) JobEnded: {'identifier': 'cpp_a_follow_turtle_pkg', 'rc': 0}
[4.255450] (-) EventReactorShutdown: {}
